This is pdfTeX, Version 3.14159265-2.6-1.40.16 (TeX Live 2015/W32TeX) (preloaded format=pdflatex 2016.1.29)  8 APR 2016 15:40
entering extended mode
 restricted \write18 enabled.
 %&-line parsing enabled.
**./deSitter_space.tex
(./deSitter_space.tex
LaTeX2e <2015/01/01>
Babel <3.9l> and hyphenation patterns for 79 languages loaded.
! Undefined control sequence.
l.1 \subsection
               {de Sitter space \textbf{N}}
The control sequence at the end of the top line
of your error message was never \def'ed. If you have
misspelled it (e.g., `\hobx'), type `I' and the correct
spelling (e.g., `I\hbox'). Otherwise just continue,
and I'll forget about whatever was undefined.


! LaTeX Error: Missing \begin{document}.

See the LaTeX manual or LaTeX Companion for explanation.
Type  H <return>  for immediate help.
 ...                                              
                                                  
l.1 \subsection{d
                 e Sitter space \textbf{N}}
You're in trouble here.  Try typing  <return>  to proceed.
If that doesn't work, type  X <return>  to quit.

Missing character: There is no d in font nullfont!
Missing character: There is no e in font nullfont!
Missing character: There is no S in font nullfont!
Missing character: There is no i in font nullfont!
Missing character: There is no t in font nullfont!
Missing character: There is no t in font nullfont!
Missing character: There is no e in font nullfont!
Missing character: There is no r in font nullfont!
Missing character: There is no s in font nullfont!
Missing character: There is no p in font nullfont!
Missing character: There is no a in font nullfont!
Missing character: There is no c in font nullfont!
Missing character: There is no e in font nullfont!
Missing character: There is no D in font nullfont!
Missing character: There is no e in font nullfont!
Missing character: There is no S in font nullfont!
Missing character: There is no i in font nullfont!
Missing character: There is no t in font nullfont!
Missing character: There is no t in font nullfont!
Missing character: There is no e in font nullfont!
Missing character: There is no r in font nullfont!
Missing character: There is no s in font nullfont!
Missing character: There is no p in font nullfont!
Missing character: There is no a in font nullfont!
Missing character: There is no c in font nullfont!
Missing character: There is no e in font nullfont!
Missing character: There is no i in font nullfont!
Missing character: There is no s in font nullfont!
Missing character: There is no a in font nullfont!
Missing character: There is no g in font nullfont!
Missing character: There is no o in font nullfont!
Missing character: There is no o in font nullfont!
Missing character: There is no d in font nullfont!
Missing character: There is no a in font nullfont!
Missing character: There is no p in font nullfont!
Missing character: There is no p in font nullfont!
Missing character: There is no r in font nullfont!
Missing character: There is no o in font nullfont!
Missing character: There is no x in font nullfont!
Missing character: There is no i in font nullfont!
Missing character: There is no m in font nullfont!
Missing character: There is no a in font nullfont!
Missing character: There is no t in font nullfont!
Missing character: There is no i in font nullfont!
Missing character: There is no o in font nullfont!
Missing character: There is no n in font nullfont!
Missing character: There is no o in font nullfont!
Missing character: There is no f in font nullfont!
Missing character: There is no t in font nullfont!
Missing character: There is no h in font nullfont!
Missing character: There is no e in font nullfont!
Missing character: There is no g in font nullfont!
Missing character: There is no e in font nullfont!
Missing character: There is no o in font nullfont!
Missing character: There is no m in font nullfont!
Missing character: There is no e in font nullfont!
Missing character: There is no t in font nullfont!
Missing character: There is no r in font nullfont!
Missing character: There is no y in font nullfont!
Missing character: There is no o in font nullfont!
Missing character: There is no f in font nullfont!
Missing character: There is no o in font nullfont!
Missing character: There is no u in font nullfont!
Missing character: There is no r in font nullfont!
Missing character: There is no u in font nullfont!
Missing character: There is no n in font nullfont!
Missing character: There is no i in font nullfont!
Missing character: There is no v in font nullfont!
Missing character: There is no e in font nullfont!
Missing character: There is no r in font nullfont!
Missing character: There is no s in font nullfont!
Missing character: There is no e in font nullfont!
Missing character: There is no t in font nullfont!
Missing character: There is no o in font nullfont!
Missing character: There is no d in font nullfont!
Missing character: There is no a in font nullfont!
Missing character: There is no y in font nullfont!
Missing character: There is no a in font nullfont!
Missing character: There is no n in font nullfont!
Missing character: There is no d in font nullfont!
Missing character: There is no i in font nullfont!
Missing character: There is no n in font nullfont!
Missing character: There is no t in font nullfont!
Missing character: There is no h in font nullfont!
Missing character: There is no e in font nullfont!
Missing character: There is no p in font nullfont!
Missing character: There is no a in font nullfont!
Missing character: There is no s in font nullfont!
Missing character: There is no t in font nullfont!
Missing character: There is no w in font nullfont!
Missing character: There is no h in font nullfont!
Missing character: There is no i in font nullfont!
Missing character: There is no l in font nullfont!
Missing character: There is no e in font nullfont!
Missing character: There is no i in font nullfont!
Missing character: There is no n in font nullfont!
Missing character: There is no f in font nullfont!
Missing character: There is no l in font nullfont!
Missing character: There is no a in font nullfont!
Missing character: There is no t in font nullfont!
Missing character: There is no i in font nullfont!
Missing character: There is no o in font nullfont!
Missing character: There is no n in font nullfont!
LaTeX Font Info:    External font `cmex10' loaded for size
(Font)              <7> on input line 2.
LaTeX Font Info:    External font `cmex10' loaded for size
(Font)              <5> on input line 2.
! Undefined control sequence.
\@footnotetext ...tins {\reset@font \footnotesize 
                                                  \interlinepenalty \interfo...
l.2 ...on of space and mass in the early universe}
                                                  . It is a solution of the ...
The control sequence at the end of the top line
of your error message was never \def'ed. If you have
misspelled it (e.g., `\hobx'), type `I' and the correct
spelling (e.g., `I\hbox'). Otherwise just continue,
and I'll forget about whatever was undefined.

! Undefined control sequence.
\@footnotetext ...}\color@begingroup \@makefntext 
                                                  {\rule \z@ \footnotesep \i...
l.2 ...on of space and mass in the early universe}
                                                  . It is a solution of the ...
The control sequence at the end of the top line
of your error message was never \def'ed. If you have
misspelled it (e.g., `\hobx'), type `I' and the correct
spelling (e.g., `I\hbox'). Otherwise just continue,
and I'll forget about whatever was undefined.


Overfull \hbox (38.889pt too wide) in paragraph at lines 2--2
[][]\OT1/cmr/m/n/10 inflation:
 []


Overfull \hbox (5.00002pt too wide) in paragraph at lines 2--2
\OT1/cmr/m/n/10 a
 []


Overfull \hbox (16.94446pt too wide) in paragraph at lines 2--2
\OT1/cmr/m/n/10 well
 []


Overfull \hbox (32.80565pt too wide) in paragraph at lines 2--2
\OT1/cmr/m/n/10 proofed
 []


Overfull \hbox (17.22224pt too wide) in paragraph at lines 2--2
\OT1/cmr/m/n/10 the-
 []


Overfull \hbox (14.19449pt too wide) in paragraph at lines 2--2
\OT1/cmr/m/n/10 ory
 []


Overfull \hbox (8.05559pt too wide) in paragraph at lines 2--2
\OT1/cmr/m/n/10 of
 []


Overfull \hbox (13.05557pt too wide) in paragraph at lines 2--2
\OT1/cmr/m/n/10 ex-
 []


Overfull \hbox (14.1667pt too wide) in paragraph at lines 2--2
\OT1/cmr/m/n/10 po-
 []


Overfull \hbox (18.88892pt too wide) in paragraph at lines 2--2
\OT1/cmr/m/n/10 nen-
 []


Overfull \hbox (14.44449pt too wide) in paragraph at lines 2--2
\OT1/cmr/m/n/10 tial
 []


Overfull \hbox (13.05557pt too wide) in paragraph at lines 2--2
\OT1/cmr/m/n/10 ex-
 []


Overfull \hbox (19.44449pt too wide) in paragraph at lines 2--2
\OT1/cmr/m/n/10 pan-
 []


Overfull \hbox (17.27782pt too wide) in paragraph at lines 2--2
\OT1/cmr/m/n/10 sion
 []


Overfull \hbox (8.05559pt too wide) in paragraph at lines 2--2
\OT1/cmr/m/n/10 of
 []


Overfull \hbox (23.38892pt too wide) in paragraph at lines 2--2
\OT1/cmr/m/n/10 space
 []


Overfull \hbox (16.11116pt too wide) in paragraph at lines 2--2
\OT1/cmr/m/n/10 and
 []


Overfull \hbox (21.22226pt too wide) in paragraph at lines 2--2
\OT1/cmr/m/n/10 mass
 []


Overfull \hbox (8.33336pt too wide) in paragraph at lines 2--2
\OT1/cmr/m/n/10 in
 []


Overfull \hbox (13.88892pt too wide) in paragraph at lines 2--2
\OT1/cmr/m/n/10 the
 []


Overfull \hbox (21.41672pt too wide) in paragraph at lines 2--2
\OT1/cmr/m/n/10 early
 []


Overfull \hbox (17.22226pt too wide) in paragraph at lines 2--2
\OT1/cmr/m/n/10 uni-
 []


Overfull \hbox (21.75002pt too wide) in paragraph at lines 2--2
\OT1/cmr/m/n/10 verse| 
 []

Missing character: There is no . in font nullfont!
Missing character: There is no I in font nullfont!
Missing character: There is no t in font nullfont!
Missing character: There is no i in font nullfont!
Missing character: There is no s in font nullfont!
Missing character: There is no a in font nullfont!
Missing character: There is no s in font nullfont!
Missing character: There is no o in font nullfont!
Missing character: There is no l in font nullfont!
Missing character: There is no u in font nullfont!
Missing character: There is no t in font nullfont!
Missing character: There is no i in font nullfont!
Missing character: There is no o in font nullfont!
Missing character: There is no n in font nullfont!
Missing character: There is no o in font nullfont!
Missing character: There is no f in font nullfont!
Missing character: There is no t in font nullfont!
Missing character: There is no h in font nullfont!
Missing character: There is no e in font nullfont!
Missing character: There is no E in font nullfont!
Missing character: There is no i in font nullfont!
Missing character: There is no n in font nullfont!
Missing character: There is no s in font nullfont!
Missing character: There is no t in font nullfont!
Missing character: There is no e in font nullfont!
Missing character: There is no i in font nullfont!
Missing character: There is no n in font nullfont!
Missing character: There is no ' in font nullfont!
Missing character: There is no s in font nullfont!
Missing character: There is no e in font nullfont!
Missing character: There is no q in font nullfont!
Missing character: There is no u in font nullfont!
Missing character: There is no a in font nullfont!
Missing character: There is no t in font nullfont!
Missing character: There is no i in font nullfont!
Missing character: There is no o in font nullfont!
Missing character: There is no n in font nullfont!
Missing character: There is no s in font nullfont!
Missing character: There is no w in font nullfont!
Missing character: There is no i in font nullfont!
Missing character: There is no t in font nullfont!
Missing character: There is no h in font nullfont!
Missing character: There is no p in font nullfont!
Missing character: There is no o in font nullfont!
Missing character: There is no s in font nullfont!
Missing character: There is no i in font nullfont!
Missing character: There is no t in font nullfont!
Missing character: There is no i in font nullfont!
Missing character: There is no v in font nullfont!
Missing character: There is no e in font nullfont!
Missing character: There is no e in font nullfont!
Missing character: There is no n in font nullfont!
Missing character: There is no e in font nullfont!
Missing character: There is no r in font nullfont!
Missing character: There is no g in font nullfont!
Missing character: There is no y in font nullfont!
Missing character: There is no a in font nullfont!
Missing character: There is no n in font nullfont!
Missing character: There is no d in font nullfont!
Missing character: There is no i in font nullfont!
Missing character: There is no s in font nullfont!
Missing character: There is no a in font nullfont!
Missing character: There is no s in font nullfont!
Missing character: There is no u in font nullfont!
Missing character: There is no b in font nullfont!
Missing character: There is no m in font nullfont!
Missing character: There is no a in font nullfont!
Missing character: There is no n in font nullfont!
Missing character: There is no i in font nullfont!
Missing character: There is no f in font nullfont!
Missing character: There is no o in font nullfont!
Missing character: There is no l in font nullfont!
Missing character: There is no d in font nullfont!
Missing character: There is no o in font nullfont!
Missing character: There is no f in font nullfont!
Missing character: There is no t in font nullfont!
Missing character: There is no h in font nullfont!
Missing character: There is no e in font nullfont!
Missing character: There is no M in font nullfont!
Missing character: There is no i in font nullfont!
Missing character: There is no n in font nullfont!
Missing character: There is no k in font nullfont!
Missing character: There is no o in font nullfont!
Missing character: There is no w in font nullfont!
Missing character: There is no s in font nullfont!
Missing character: There is no k in font nullfont!
Missing character: There is no i in font nullfont!
Missing character: There is no s in font nullfont!
Missing character: There is no p in font nullfont!
Missing character: There is no a in font nullfont!
Missing character: There is no c in font nullfont!
Missing character: There is no e in font nullfont!
Missing character: There is no . in font nullfont!

Overfull \hbox (20.0pt too wide) in paragraph at lines 1--3
[]
 []


Overfull \hbox (8.99995pt too wide) in paragraph at lines 1--3
\OT1/cmr/bx/n/10 N
 []


Overfull \hbox (4.48613pt too wide) in paragraph at lines 1--3
[]
 []


! LaTeX Error: Missing \begin{document}.

See the LaTeX manual or LaTeX Companion for explanation.
Type  H <return>  for immediate help.
 ...                                              
                                                  
l.9 	I
      n order to understand the form of the De Sitter metric, let's start wi...

You're in trouble here.  Try typing  <return>  to proceed.
If that doesn't work, type  X <return>  to quit.

Missing character: There is no I in font nullfont!
Missing character: There is no n in font nullfont!
Missing character: There is no o in font nullfont!
Missing character: There is no r in font nullfont!
Missing character: There is no d in font nullfont!
Missing character: There is no e in font nullfont!
Missing character: There is no r in font nullfont!
Missing character: There is no t in font nullfont!
Missing character: There is no o in font nullfont!
Missing character: There is no u in font nullfont!
Missing character: There is no n in font nullfont!
Missing character: There is no d in font nullfont!
Missing character: There is no e in font nullfont!
Missing character: There is no r in font nullfont!
Missing character: There is no s in font nullfont!
Missing character: There is no t in font nullfont!
Missing character: There is no a in font nullfont!
Missing character: There is no n in font nullfont!
Missing character: There is no d in font nullfont!
Missing character: There is no t in font nullfont!
Missing character: There is no h in font nullfont!
Missing character: There is no e in font nullfont!
Missing character: There is no f in font nullfont!
Missing character: There is no o in font nullfont!
Missing character: There is no r in font nullfont!
Missing character: There is no m in font nullfont!
Missing character: There is no o in font nullfont!
Missing character: There is no f in font nullfont!
Missing character: There is no t in font nullfont!
Missing character: There is no h in font nullfont!
Missing character: There is no e in font nullfont!
Missing character: There is no D in font nullfont!
Missing character: There is no e in font nullfont!
Missing character: There is no S in font nullfont!
Missing character: There is no i in font nullfont!
Missing character: There is no t in font nullfont!
Missing character: There is no t in font nullfont!
Missing character: There is no e in font nullfont!
Missing character: There is no r in font nullfont!
Missing character: There is no m in font nullfont!
Missing character: There is no e in font nullfont!
Missing character: There is no t in font nullfont!
Missing character: There is no r in font nullfont!
Missing character: There is no i in font nullfont!
Missing character: There is no c in font nullfont!
Missing character: There is no , in font nullfont!
Missing character: There is no l in font nullfont!
Missing character: There is no e in font nullfont!
Missing character: There is no t in font nullfont!
Missing character: There is no ' in font nullfont!
Missing character: There is no s in font nullfont!
Missing character: There is no s in font nullfont!
Missing character: There is no t in font nullfont!
Missing character: There is no a in font nullfont!
Missing character: There is no r in font nullfont!
Missing character: There is no t in font nullfont!
Missing character: There is no w in font nullfont!
Missing character: There is no i in font nullfont!
Missing character: There is no t in font nullfont!
Missing character: There is no h in font nullfont!
Missing character: There is no t in font nullfont!
Missing character: There is no h in font nullfont!
Missing character: There is no e in font nullfont!
Missing character: There is no R in font nullfont!
Missing character: There is no i in font nullfont!
Missing character: There is no e in font nullfont!
Missing character: There is no m in font nullfont!
Missing character: There is no a in font nullfont!
Missing character: There is no n in font nullfont!
Missing character: There is no n in font nullfont!
Missing character: There is no t in font nullfont!
Missing character: There is no e in font nullfont!
Missing character: There is no n in font nullfont!
Missing character: There is no s in font nullfont!
Missing character: There is no o in font nullfont!
Missing character: There is no r in font nullfont!
! Undefined control sequence.
\@footnotetext ...tins {\reset@font \footnotesize 
                                                  \interlinepenalty \interfo...
l.9 ...the Riemann tensor gives us the curvature.}
                                                   for a maximally symmetric...
The control sequence at the end of the top line
of your error message was never \def'ed. If you have
misspelled it (e.g., `\hobx'), type `I' and the correct
spelling (e.g., `I\hbox'). Otherwise just continue,
and I'll forget about whatever was undefined.

! Undefined control sequence.
\@footnotetext ...}\color@begingroup \@makefntext 
                                                  {\rule \z@ \footnotesep \i...
l.9 ...the Riemann tensor gives us the curvature.}
                                                   for a maximally symmetric...
The control sequence at the end of the top line
of your error message was never \def'ed. If you have
misspelled it (e.g., `\hobx'), type `I' and the correct
spelling (e.g., `I\hbox'). Otherwise just continue,
and I'll forget about whatever was undefined.


Overfull \hbox (7.50002pt too wide) in paragraph at lines 9--9
[][]\OT1/cmr/m/n/10 It
 []


Overfull \hbox (28.38896pt too wide) in paragraph at lines 9--9
\OT1/cmr/m/n/10 should
 []


Overfull \hbox (10.2778pt too wide) in paragraph at lines 9--9
\OT1/cmr/m/n/10 be
 []


Overfull \hbox (31.11119pt too wide) in paragraph at lines 9--9
\OT1/cmr/m/n/10 known,
 []


Overfull \hbox (18.33339pt too wide) in paragraph at lines 9--9
\OT1/cmr/m/n/10 that
 []


Overfull \hbox (8.33336pt too wide) in paragraph at lines 9--9
\OT1/cmr/m/n/10 in
 []


Overfull \hbox (18.33336pt too wide) in paragraph at lines 9--9
\OT1/cmr/m/n/10 gen-
 []


Overfull \hbox (16.13892pt too wide) in paragraph at lines 9--9
\OT1/cmr/m/n/10 eral
 []


Overfull \hbox (14.47223pt too wide) in paragraph at lines 9--9
\OT1/cmr/m/n/10 rel-
 []


Overfull \hbox (8.33334pt too wide) in paragraph at lines 9--9
\OT1/cmr/m/n/10 a-
 []


Overfull \hbox (15.27782pt too wide) in paragraph at lines 9--9
\OT1/cmr/m/n/10 tiv-
 []


Overfull \hbox (11.6667pt too wide) in paragraph at lines 9--9
\OT1/cmr/m/n/10 ity
 []


Overfull \hbox (11.38889pt too wide) in paragraph at lines 9--9
\OT1/cmr/m/n/10 we
 []


Overfull \hbox (13.36113pt too wide) in paragraph at lines 9--9
\OT1/cmr/m/n/10 are
 []


Overfull \hbox (8.33336pt too wide) in paragraph at lines 9--9
\OT1/cmr/m/n/10 in
 []


Overfull \hbox (5.00002pt too wide) in paragraph at lines 9--9
\OT1/cmr/m/n/10 a
 []


Overfull \hbox (20.86116pt too wide) in paragraph at lines 9--9
\OT1/cmr/m/n/10 four-
 []


Overfull \hbox (51.72235pt too wide) in paragraph at lines 9--9
\OT1/cmr/m/n/10 dimensional
 []


Overfull \hbox (17.91667pt too wide) in paragraph at lines 9--9
\OT1/cmr/m/n/10 Rie-
 []


Overfull \hbox (24.44452pt too wide) in paragraph at lines 9--9
\OT1/cmr/m/n/10 mann
 []


Overfull \hbox (22.22227pt too wide) in paragraph at lines 9--9
\OT1/cmr/m/n/10 man-
 []


Overfull \hbox (6.11111pt too wide) in paragraph at lines 9--9
\OT1/cmr/m/n/10 i-
 []


Overfull \hbox (19.16673pt too wide) in paragraph at lines 9--9
\OT1/cmr/m/n/10 fold,
 []


Overfull \hbox (25.58336pt too wide) in paragraph at lines 9--9
\OT1/cmr/m/n/10 where
 []


Overfull \hbox (13.88892pt too wide) in paragraph at lines 9--9
\OT1/cmr/m/n/10 the
 []


Overfull \hbox (17.91667pt too wide) in paragraph at lines 9--9
\OT1/cmr/m/n/10 Rie-
 []


Overfull \hbox (24.44452pt too wide) in paragraph at lines 9--9
\OT1/cmr/m/n/10 mann
 []


Overfull \hbox (17.22224pt too wide) in paragraph at lines 9--9
\OT1/cmr/m/n/10 ten-
 []


Overfull \hbox (12.86113pt too wide) in paragraph at lines 9--9
\OT1/cmr/m/n/10 sor
 []


Overfull \hbox (21.1667pt too wide) in paragraph at lines 9--9
\OT1/cmr/m/n/10 gives
 []


Overfull \hbox (9.50002pt too wide) in paragraph at lines 9--9
\OT1/cmr/m/n/10 us
 []


Overfull \hbox (13.88892pt too wide) in paragraph at lines 9--9
\OT1/cmr/m/n/10 the
 []


Overfull \hbox (17.25002pt too wide) in paragraph at lines 9--9
\OT1/cmr/m/n/10 cur-
 []


Overfull \hbox (13.05559pt too wide) in paragraph at lines 9--9
\OT1/cmr/m/n/10 va-
 []


Overfull \hbox (20.58337pt too wide) in paragraph at lines 9--9
\OT1/cmr/m/n/10 ture.| 
 []

Missing character: There is no f in font nullfont!
Missing character: There is no o in font nullfont!
Missing character: There is no r in font nullfont!
Missing character: There is no a in font nullfont!
Missing character: There is no m in font nullfont!
Missing character: There is no a in font nullfont!
Missing character: There is no x in font nullfont!
Missing character: There is no i in font nullfont!
Missing character: There is no m in font nullfont!
Missing character: There is no a in font nullfont!
Missing character: There is no l in font nullfont!
Missing character: There is no l in font nullfont!
Missing character: There is no y in font nullfont!
Missing character: There is no s in font nullfont!
Missing character: There is no y in font nullfont!
Missing character: There is no m in font nullfont!
Missing character: There is no m in font nullfont!
Missing character: There is no e in font nullfont!
Missing character: There is no t in font nullfont!
Missing character: There is no r in font nullfont!
Missing character: There is no i in font nullfont!
Missing character: There is no c in font nullfont!
Missing character: There is no n in font nullfont!
Missing character: There is no - in font nullfont!
Missing character: There is no d in font nullfont!
Missing character: There is no i in font nullfont!
Missing character: There is no m in font nullfont!
Missing character: There is no e in font nullfont!
Missing character: There is no n in font nullfont!
Missing character: There is no s in font nullfont!
Missing character: There is no i in font nullfont!
Missing character: There is no o in font nullfont!
Missing character: There is no n in font nullfont!
Missing character: There is no a in font nullfont!
Missing character: There is no l in font nullfont!
Missing character: There is no m in font nullfont!
Missing character: There is no a in font nullfont!
Missing character: There is no n in font nullfont!
Missing character: There is no i in font nullfont!
Missing character: There is no f in font nullfont!
Missing character: There is no o in font nullfont!
Missing character: There is no l in font nullfont!
Missing character: There is no d in font nullfont!
Missing character: There is no : in font nullfont!

! LaTeX Error: Environment align undefined.

See the LaTeX manual or LaTeX Companion for explanation.
Type  H <return>  for immediate help.
 ...                                              
                                                  
l.10 		\begin{align}
                    
Your command was ignored.
Type  I <command> <return>  to replace it with another command,
or  <return>  to continue without it.

Missing character: There is no R in font nullfont!
! Missing $ inserted.
<inserted text> 
                $
l.11 			R_
          {\mu \nu \lambda \xi} = \kappa (g_{\mu \lambda} g_{\nu \xi} - g_{\...
I've inserted a begin-math/end-math symbol since I think
you left one out. Proceed, with fingers crossed.


! LaTeX Error: \begin{document} ended by \end{align}.

See the LaTeX manual or LaTeX Companion for explanation.
Type  H <return>  for immediate help.
 ...                                              
                                                  
l.12 		\end{align}
                  
Your command was ignored.
Type  I <command> <return>  to replace it with another command,
or  <return>  to continue without it.

! Missing $ inserted.
<inserted text> 
                $
l.12 		\end{align}
                  
I've inserted something that you may have forgotten.
(See the <inserted text> above.)
With luck, this will get me unwedged. But if you
really didn't forget anything, try typing `2' now; then
my insertion and my current dilemma will both disappear.

Missing character: There is no H in font nullfont!
Missing character: There is no e in font nullfont!
Missing character: There is no r in font nullfont!
Missing character: There is no e in font nullfont!
Missing character: There is no i in font nullfont!
Missing character: There is no s in font nullfont!
Missing character: There is no m in font nullfont!
Missing character: There is no e in font nullfont!
Missing character: There is no a in font nullfont!
Missing character: There is no s in font nullfont!
Missing character: There is no u in font nullfont!
Missing character: There is no r in font nullfont!
Missing character: There is no e in font nullfont!
Missing character: There is no o in font nullfont!
Missing character: There is no f in font nullfont!
Missing character: There is no t in font nullfont!
Missing character: There is no h in font nullfont!
Missing character: There is no e in font nullfont!
Missing character: There is no c in font nullfont!
Missing character: There is no u in font nullfont!
Missing character: There is no r in font nullfont!
Missing character: There is no v in font nullfont!
Missing character: There is no a in font nullfont!
Missing character: There is no t in font nullfont!
Missing character: There is no u in font nullfont!
Missing character: There is no r in font nullfont!
Missing character: There is no e in font nullfont!
Missing character: There is no . in font nullfont!
! Undefined control sequence.
\@footnotetext ...tins {\reset@font \footnotesize 
                                                  \interlinepenalty \interfo...
l.13 ...ed for understanding the De Sitter space.}
                                                  
The control sequence at the end of the top line
of your error message was never \def'ed. If you have
misspelled it (e.g., `\hobx'), type `I' and the correct
spelling (e.g., `I\hbox'). Otherwise just continue,
and I'll forget about whatever was undefined.

! Undefined control sequence.
\@footnotetext ...}\color@begingroup \@makefntext 
                                                  {\rule \z@ \footnotesep \i...
l.13 ...ed for understanding the De Sitter space.}
                                                  
The control sequence at the end of the top line
of your error message was never \def'ed. If you have
misspelled it (e.g., `\hobx'), type `I' and the correct
spelling (e.g., `I\hbox'). Otherwise just continue,
and I'll forget about whatever was undefined.


Overfull \hbox (7.50002pt too wide) in paragraph at lines 13--13
[][]\OT1/cmr/m/n/10 It
 []


Overfull \hbox (6.72223pt too wide) in paragraph at lines 13--13
\OT1/cmr/m/n/10 is
 []


Overfull \hbox (17.80559pt too wide) in paragraph at lines 13--13
\OT1/cmr/m/n/10 nor-
 []


Overfull \hbox (19.44449pt too wide) in paragraph at lines 13--13
\OT1/cmr/m/n/10 mal-
 []


Overfull \hbox (17.22224pt too wide) in paragraph at lines 13--13
\OT1/cmr/m/n/10 ized
 []


Overfull \hbox (16.11116pt too wide) in paragraph at lines 13--13
\OT1/cmr/m/n/10 and
 []


Overfull \hbox (21.69449pt too wide) in paragraph at lines 13--13
\OT1/cmr/m/n/10 more
 []


Overfull \hbox (27.83337pt too wide) in paragraph at lines 13--13
\OT1/cmr/m/n/10 specif-
 []


Overfull \hbox (6.11111pt too wide) in paragraph at lines 13--13
\OT1/cmr/m/n/10 i-
 []


Overfull \hbox (22.22227pt too wide) in paragraph at lines 13--13
\OT1/cmr/m/n/10 cally,
 []


Overfull \hbox (13.38892pt too wide) in paragraph at lines 13--13
\OT1/cmr/m/n/10 it's
 []


Overfull \hbox (13.88892pt too wide) in paragraph at lines 13--13
\OT1/cmr/m/n/10 the
 []


Overfull \hbox (21.80557pt too wide) in paragraph at lines 13--13
\OT1/cmr/m/n/10 Ricci
 []


Overfull \hbox (17.25002pt too wide) in paragraph at lines 13--13
\OT1/cmr/m/n/10 cur-
 []


Overfull \hbox (13.05559pt too wide) in paragraph at lines 13--13
\OT1/cmr/m/n/10 va-
 []


Overfull \hbox (20.58337pt too wide) in paragraph at lines 13--13
\OT1/cmr/m/n/10 ture,
 []


Overfull \hbox (15.00005pt too wide) in paragraph at lines 13--13
\OT1/cmr/m/n/10 but
 []


Overfull \hbox (16.1667pt too wide) in paragraph at lines 13--13
\OT1/cmr/m/n/10 this
 []


Overfull \hbox (16.11116pt too wide) in paragraph at lines 13--13
\OT1/cmr/m/n/10 and
 []


Overfull \hbox (21.69449pt too wide) in paragraph at lines 13--13
\OT1/cmr/m/n/10 more
 []


Overfull \hbox (11.66669pt too wide) in paragraph at lines 13--13
\OT1/cmr/m/n/10 in-
 []


Overfull \hbox (15.30559pt too wide) in paragraph at lines 13--13
\OT1/cmr/m/n/10 for-
 []


Overfull \hbox (16.6667pt too wide) in paragraph at lines 13--13
\OT1/cmr/m/n/10 ma-
 []


Overfull \hbox (17.22227pt too wide) in paragraph at lines 13--13
\OT1/cmr/m/n/10 tion
 []


Overfull \hbox (25.27786pt too wide) in paragraph at lines 13--13
\OT1/cmr/m/n/10 about
 []


Overfull \hbox (5.76158pt too wide) in paragraph at lines 13--13
\OML/cmm/m/it/10 ^^T$
 []


Overfull \hbox (6.72223pt too wide) in paragraph at lines 13--13
\OT1/cmr/m/n/10 is
 []


Overfull \hbox (14.44449pt too wide) in paragraph at lines 13--13
\OT1/cmr/m/n/10 not
 []


Overfull \hbox (30.00005pt too wide) in paragraph at lines 13--13
\OT1/cmr/m/n/10 needed
 []


Overfull \hbox (11.97226pt too wide) in paragraph at lines 13--13
\OT1/cmr/m/n/10 for
 []


Overfull \hbox (14.44447pt too wide) in paragraph at lines 13--13
\OT1/cmr/m/n/10 un-
 []


Overfull \hbox (17.25002pt too wide) in paragraph at lines 13--13
\OT1/cmr/m/n/10 der-
 []


Overfull \hbox (27.27783pt too wide) in paragraph at lines 13--13
\OT1/cmr/m/n/10 stand-
 []


Overfull \hbox (13.33337pt too wide) in paragraph at lines 13--13
\OT1/cmr/m/n/10 ing
 []


Overfull \hbox (13.88892pt too wide) in paragraph at lines 13--13
\OT1/cmr/m/n/10 the
 []


Overfull \hbox (12.08334pt too wide) in paragraph at lines 13--13
\OT1/cmr/m/n/10 De
 []


Overfull \hbox (15.55559pt too wide) in paragraph at lines 13--13
\OT1/cmr/m/n/10 Sit-
 []


Overfull \hbox (12.25002pt too wide) in paragraph at lines 13--13
\OT1/cmr/m/n/10 ter
 []


Overfull \hbox (26.1667pt too wide) in paragraph at lines 13--13
\OT1/cmr/m/n/10 space.| 
 []


Overfull \hbox (20.0pt too wide) in paragraph at lines 9--14
[]
 []


Overfull \hbox (4.48613pt too wide) in paragraph at lines 9--14
[]
 []


Overfull \hbox (29.01424pt too wide) in paragraph at lines 9--14
[] \OT1/cmr/m/n/10 =
 []


Overfull \hbox (45.92638pt too wide) in paragraph at lines 9--14
\OML/cmm/m/it/10 ^^T\OT1/cmr/m/n/10 (\OML/cmm/m/it/10 g[]g[] \OMS/cmsy/m/n/10 ^
^@
 []


Overfull \hbox (32.387pt too wide) in paragraph at lines 9--14
\OML/cmm/m/it/10 g[]g[]\OT1/cmr/m/n/10 )$
 []


Overfull \hbox (5.76158pt too wide) in paragraph at lines 9--14
\OML/cmm/m/it/10 ^^T$
 []


Overfull \hbox (4.48613pt too wide) in paragraph at lines 9--14
[] 
 []

)
! Emergency stop.
<*> ./deSitter_space.tex
                        
*** (job aborted, no legal \end found)

 
Here is how much of TeX's memory you used:
 12 strings out of 493089
 230 string characters out of 6138425
 56199 words of memory out of 5000000
 3596 multiletter control sequences out of 15000+600000
 3948 words of font info for 15 fonts, out of 8000000 for 9000
 1141 hyphenation exceptions out of 8191
 24i,5n,14p,369b,104s stack positions out of 5000i,500n,10000p,200000b,80000s
!  ==> Fatal error occurred, no output PDF file produced!
