\BOOKMARK [1][-]{section.1}{Introduction}{}% 1
\BOOKMARK [2][-]{subsection.1.1}{Conventions}{section.1}% 2
\BOOKMARK [1][-]{section.2}{Basic environments}{}% 3
\BOOKMARK [2][-]{subsection.2.1}{Minkowski space "458}{section.2}% 4
\BOOKMARK [2][-]{subsection.2.2}{De Sitter space "458}{section.2}% 5
\BOOKMARK [2][-]{subsection.2.3}{Schwarzschild geometry "458}{section.2}% 6
\BOOKMARK [1][-]{section.3}{Basic ways of visualising the black hole problems on paper}{}% 7
\BOOKMARK [2][-]{subsection.3.1}{The Kruskal extension "458\(still questions\)}{section.3}% 8
\BOOKMARK [2][-]{subsection.3.2}{Penrose diagrams}{section.3}% 9
\BOOKMARK [3][-]{subsubsection.3.2.1}{of Minkowski space "458}{subsection.3.2}% 10
\BOOKMARK [3][-]{subsubsection.3.2.2}{of De Sitter space "458}{subsection.3.2}% 11
\BOOKMARK [3][-]{subsubsection.3.2.3}{of Schwarzschild geometry "458}{subsection.3.2}% 12
\BOOKMARK [2][-]{subsection.3.3}{The apparant horizon N}{section.3}% 13
\BOOKMARK [1][-]{section.4}{What is Quantum field theory? "458}{}% 14
\BOOKMARK [1][-]{section.5}{What is Entanglement and what is it good for? N}{}% 15
\BOOKMARK [1][-]{section.6}{Rindler decomposition}{}% 16
\BOOKMARK [2][-]{subsection.6.1}{What is Rindler space?}{section.6}% 17
\BOOKMARK [2][-]{subsection.6.2}{What are Rindlers wedges?}{section.6}% 18
\BOOKMARK [2][-]{subsection.6.3}{Entanglement in the Rindler decomposition "458}{section.6}% 19
\BOOKMARK [1][-]{section.7}{Schwarzschild modes N}{}% 20
\BOOKMARK [1][-]{section.8}{Information problem}{}% 21
\BOOKMARK [2][-]{subsection.8.1}{Black hole radiation}{section.8}% 22
\BOOKMARK [2][-]{subsection.8.2}{Entropy and thermodynamics "458}{section.8}% 23
\BOOKMARK [2][-]{subsection.8.3}{Evaporation}{section.8}% 24
\BOOKMARK [2][-]{subsection.8.4}{What happens to the information while evaporation? N}{section.8}% 25
