\BOOKMARK [1][-]{section.1}{Introduction}{}% 1
\BOOKMARK [2][-]{subsection.1.1}{Conventions}{section.1}% 2
\BOOKMARK [1][-]{section.2}{Classical black holes}{}% 3
\BOOKMARK [2][-]{subsection.2.1}{The Schwarzschild geometry}{section.2}% 4
\BOOKMARK [2][-]{subsection.2.2}{The Kruskal extension}{section.2}% 5
\BOOKMARK [2][-]{subsection.2.3}{Penrose diagrams}{section.2}% 6
\BOOKMARK [2][-]{subsection.2.4}{Real black holes}{section.2}% 7
\BOOKMARK [1][-]{section.3}{Entanglement in quantum field theory}{}% 8
\BOOKMARK [2][-]{subsection.3.1}{Quantum field theory}{section.3}% 9
\BOOKMARK [2][-]{subsection.3.2}{Entanglement in the vacuum}{section.3}% 10
\BOOKMARK [2][-]{subsection.3.3}{The Rindler decomposition}{section.3}% 11
\BOOKMARK [2][-]{subsection.3.4}{Free fields in Rindler space}{section.3}% 12
\BOOKMARK [2][-]{subsection.3.5}{Entanglement is important for horizon crossing: an introduction to firewalls}{section.3}% 13
\BOOKMARK [1][-]{section.4}{Quantum field theory in a black hole background}{}% 14
\BOOKMARK [2][-]{subsection.4.1}{Two-sided Schwarzschild and the Rindler decomposition}{section.4}% 15
\BOOKMARK [2][-]{subsection.4.2}{Schwarzschild modes}{section.4}% 16
\BOOKMARK [2][-]{subsection.4.3}{Hawking's calculation of black hole radiation}{section.4}% 17
\BOOKMARK [2][-]{subsection.4.4}{Evaporation}{section.4}% 18
\BOOKMARK [2][-]{subsection.4.5}{Entropy and thermodynamics}{section.4}% 19
\BOOKMARK [2][-]{subsection.4.6}{The information problem}{section.4}% 20
\BOOKMARK [2][-]{subsection.4.7}{The brick wall model and the stretched horizon}{section.4}% 21
\BOOKMARK [2][-]{subsection.4.8}{The Euclidean black hole}{section.4}% 22
\BOOKMARK [1][-]{section.5}{Unitary evaporation}{}% 23
\BOOKMARK [2][-]{subsection.5.1}{The S-matrix}{section.5}% 24
\BOOKMARK [2][-]{subsection.5.2}{The Page curve}{section.5}% 25
\BOOKMARK [2][-]{subsection.5.3}{Page's theorem}{section.5}% 26
\BOOKMARK [2][-]{subsection.5.4}{How hard is it to test unitarity?}{section.5}% 27
\BOOKMARK [2][-]{subsection.5.5}{What is a typical microstate?}{section.5}% 28
\BOOKMARK [2][-]{subsection.5.6}{Scrambling and recovery of quantum information}{section.5}% 29
\BOOKMARK [2][-]{subsection.5.7}{Black hole complementarity}{section.5}% 30
\BOOKMARK [1][-]{section.6}{Holography and the AdS/CFT correspondence}{}% 31
\BOOKMARK [2][-]{subsection.6.1}{Entropy bounds and the holographic principle}{section.6}% 32
\BOOKMARK [2][-]{subsection.6.2}{Statement of the AdS/CFT correspondence}{section.6}% 33
\BOOKMARK [3][-]{subsubsection.6.2.1}{Anti de Sitter space}{subsection.6.2}% 34
\BOOKMARK [3][-]{subsubsection.6.2.2}{Conformal field theory}{subsection.6.2}% 35
\BOOKMARK [3][-]{subsubsection.6.2.3}{The dictionary}{subsection.6.2}% 36
\BOOKMARK [2][-]{subsection.6.3}{Perturbations of the AdS vacuum}{section.6}% 37
\BOOKMARK [2][-]{subsection.6.4}{One-sided AdS black holes at fixed energy}{section.6}% 38
\BOOKMARK [2][-]{subsection.6.5}{One-sided AdS black holes at fixed temperature and the Hawking-Page transition}{section.6}% 39
\BOOKMARK [2][-]{subsection.6.6}{Fields in the AdS-Schwarzschild background}{section.6}% 40
\BOOKMARK [2][-]{subsection.6.7}{Collapsing shells and the two-sided AdS wormhole}{section.6}% 41
\BOOKMARK [2][-]{subsection.6.8}{The information problem in AdS/CFT}{section.6}% 42
\BOOKMARK [2][-]{subsection.6.9}{Unitarity for big AdS black holes}{section.6}% 43
\BOOKMARK [2][-]{subsection.6.10}{Von Neumann entropy and the Ryu-Takayanagi Formula}{section.6}% 44
\BOOKMARK [1][-]{section.7}{Paradoxes for the infalling observer}{}% 45
\BOOKMARK [2][-]{subsection.7.1}{The entanglement-monogamy problem}{section.7}% 46
\BOOKMARK [2][-]{subsection.7.2}{Firewall typicality}{section.7}% 47
\BOOKMARK [2][-]{subsection.7.3}{The creation operator problem}{section.7}% 48
\BOOKMARK [2][-]{subsection.7.4}{The Marolf-Wall paradox}{section.7}% 49
\BOOKMARK [1][-]{section.8}{Proposals for the Interior}{}% 50
\BOOKMARK [2][-]{subsection.8.1}{Complementarity from computational complexity?}{section.8}% 51
\BOOKMARK [2][-]{subsection.8.2}{Nonlinearity?}{section.8}% 52
\BOOKMARK [2][-]{subsection.8.3}{Postselection?}{section.8}% 53
\BOOKMARK [2][-]{subsection.8.4}{Firewalls?}{section.8}% 54
\BOOKMARK [1][-]{appendix.A}{General relativity}{}% 55
\BOOKMARK [1][-]{appendix.B}{Qubits}{}% 56
\BOOKMARK [1][-]{appendix.C}{Pure states, mixed states, and bipartite systems}{}% 57
\BOOKMARK [2][-]{subsection.C.1}{Definitions}{appendix.C}% 58
\BOOKMARK [2][-]{subsection.C.2}{Bipartite systems}{appendix.C}% 59
\BOOKMARK [3][-]{subsubsection.C.2.1}{Product operators and the partial trace}{subsection.C.2}% 60
\BOOKMARK [3][-]{subsubsection.C.2.2}{Entanglement and the Schmidt decomposition}{subsection.C.2}% 61
\BOOKMARK [3][-]{subsubsection.C.2.3}{Purifications from the Schmidt Decomposition}{subsection.C.2}% 62
\BOOKMARK [2][-]{subsection.C.3}{Entropy inequalities in multipartite systems}{appendix.C}% 63
\BOOKMARK [1][-]{appendix.D}{Unitary integrals}{}% 64
\BOOKMARK [1][-]{appendix.E}{Quantum computation and complexity theory}{}% 65
\BOOKMARK [1][-]{appendix.F}{Homework problems}{}% 66
