This is pdfTeX, Version 3.14159265-2.6-1.40.15 (TeX Live 2014/W32TeX) (preloaded format=pdflatex 2014.9.8)  3 JAN 2016 18:26
entering extended mode
 restricted \write18 enabled.
 %&-line parsing enabled.
**jerusalemarxivfinal.tex
(./jerusalemarxivfinal.tex
LaTeX2e <2014/05/01>
Babel <3.9k> and hyphenation patterns for 78 languages loaded.
(c:/texlive/2014/texmf-dist/tex/latex/base/article.cls
Document Class: article 2007/10/19 v1.4h Standard LaTeX document class
(c:/texlive/2014/texmf-dist/tex/latex/base/size12.clo
File: size12.clo 2007/10/19 v1.4h Standard LaTeX file (size option)
)
\c@part=\count79
\c@section=\count80
\c@subsection=\count81
\c@subsubsection=\count82
\c@paragraph=\count83
\c@subparagraph=\count84
\c@figure=\count85
\c@table=\count86
\abovecaptionskip=\skip41
\belowcaptionskip=\skip42
\bibindent=\dimen102
) (./jheppub.sty
Package: jheppub 

(c:/texlive/2014/texmf-dist/tex/latex/amsmath/amsmath.sty
Package: amsmath 2013/01/14 v2.14 AMS math features
\@mathmargin=\skip43

For additional information on amsmath, use the `?' option.
(c:/texlive/2014/texmf-dist/tex/latex/amsmath/amstext.sty
Package: amstext 2000/06/29 v2.01

(c:/texlive/2014/texmf-dist/tex/latex/amsmath/amsgen.sty
File: amsgen.sty 1999/11/30 v2.0
\@emptytoks=\toks14
\ex@=\dimen103
))
(c:/texlive/2014/texmf-dist/tex/latex/amsmath/amsbsy.sty
Package: amsbsy 1999/11/29 v1.2d
\pmbraise@=\dimen104
)
(c:/texlive/2014/texmf-dist/tex/latex/amsmath/amsopn.sty
Package: amsopn 1999/12/14 v2.01 operator names
)
\inf@bad=\count87
LaTeX Info: Redefining \frac on input line 210.
\uproot@=\count88
\leftroot@=\count89
LaTeX Info: Redefining \overline on input line 306.
\classnum@=\count90
\DOTSCASE@=\count91
LaTeX Info: Redefining \ldots on input line 378.
LaTeX Info: Redefining \dots on input line 381.
LaTeX Info: Redefining \cdots on input line 466.
\Mathstrutbox@=\box26
\strutbox@=\box27
\big@size=\dimen105
LaTeX Font Info:    Redeclaring font encoding OML on input line 566.
LaTeX Font Info:    Redeclaring font encoding OMS on input line 567.
\macc@depth=\count92
\c@MaxMatrixCols=\count93
\dotsspace@=\muskip10
\c@parentequation=\count94
\dspbrk@lvl=\count95
\tag@help=\toks15
\row@=\count96
\column@=\count97
\maxfields@=\count98
\andhelp@=\toks16
\eqnshift@=\dimen106
\alignsep@=\dimen107
\tagshift@=\dimen108
\tagwidth@=\dimen109
\totwidth@=\dimen110
\lineht@=\dimen111
\@envbody=\toks17
\multlinegap=\skip44
\multlinetaggap=\skip45
\mathdisplay@stack=\toks18
LaTeX Info: Redefining \[ on input line 2665.
LaTeX Info: Redefining \] on input line 2666.
)
(c:/texlive/2014/texmf-dist/tex/latex/amsfonts/amssymb.sty
Package: amssymb 2013/01/14 v3.01 AMS font symbols

(c:/texlive/2014/texmf-dist/tex/latex/amsfonts/amsfonts.sty
Package: amsfonts 2013/01/14 v3.01 Basic AMSFonts support
\symAMSa=\mathgroup4
\symAMSb=\mathgroup5
LaTeX Font Info:    Overwriting math alphabet `\mathfrak' in version `bold'
(Font)                  U/euf/m/n --> U/euf/b/n on input line 106.
))
(c:/texlive/2014/texmf-dist/tex/latex/graphics/epsfig.sty
Package: epsfig 1999/02/16 v1.7a (e)psfig emulation (SPQR)

(c:/texlive/2014/texmf-dist/tex/latex/graphics/graphicx.sty
Package: graphicx 2014/04/25 v1.0g Enhanced LaTeX Graphics (DPC,SPQR)

(c:/texlive/2014/texmf-dist/tex/latex/graphics/keyval.sty
Package: keyval 2014/05/08 v1.15 key=value parser (DPC)
\KV@toks@=\toks19
)
(c:/texlive/2014/texmf-dist/tex/latex/graphics/graphics.sty
Package: graphics 2009/02/05 v1.0o Standard LaTeX Graphics (DPC,SPQR)

(c:/texlive/2014/texmf-dist/tex/latex/graphics/trig.sty
Package: trig 1999/03/16 v1.09 sin cos tan (DPC)
)
(c:/texlive/2014/texmf-dist/tex/latex/latexconfig/graphics.cfg
File: graphics.cfg 2010/04/23 v1.9 graphics configuration of TeX Live
)
Package graphics Info: Driver file: pdftex.def on input line 91.

(c:/texlive/2014/texmf-dist/tex/latex/pdftex-def/pdftex.def
File: pdftex.def 2011/05/27 v0.06d Graphics/color for pdfTeX

(c:/texlive/2014/texmf-dist/tex/generic/oberdiek/infwarerr.sty
Package: infwarerr 2010/04/08 v1.3 Providing info/warning/error messages (HO)
)
(c:/texlive/2014/texmf-dist/tex/generic/oberdiek/ltxcmds.sty
Package: ltxcmds 2011/11/09 v1.22 LaTeX kernel commands for general use (HO)
)
\Gread@gobject=\count99
))
\Gin@req@height=\dimen112
\Gin@req@width=\dimen113
)
\epsfxsize=\dimen114
\epsfysize=\dimen115
)
(c:/texlive/2014/texmf-dist/tex/latex/natbib/natbib.sty
Package: natbib 2010/09/13 8.31b (PWD, AO)
\bibhang=\skip46
\bibsep=\skip47
LaTeX Info: Redefining \cite on input line 694.
\c@NAT@ctr=\count100
)
(c:/texlive/2014/texmf-dist/tex/latex/graphics/color.sty
Package: color 2014/04/23 v1.1a Standard LaTeX Color (DPC)

(c:/texlive/2014/texmf-dist/tex/latex/latexconfig/color.cfg
File: color.cfg 2007/01/18 v1.5 color configuration of teTeX/TeXLive
)
Package color Info: Driver file: pdftex.def on input line 137.
)
(c:/texlive/2014/texmf-dist/tex/latex/hyperref/hyperref.sty
Package: hyperref 2012/11/06 v6.83m Hypertext links for LaTeX

(c:/texlive/2014/texmf-dist/tex/generic/oberdiek/hobsub-hyperref.sty
Package: hobsub-hyperref 2012/05/28 v1.13 Bundle oberdiek, subset hyperref (HO)


(c:/texlive/2014/texmf-dist/tex/generic/oberdiek/hobsub-generic.sty
Package: hobsub-generic 2012/05/28 v1.13 Bundle oberdiek, subset generic (HO)
Package: hobsub 2012/05/28 v1.13 Construct package bundles (HO)
Package hobsub Info: Skipping package `infwarerr' (already loaded).
Package hobsub Info: Skipping package `ltxcmds' (already loaded).
Package: ifluatex 2010/03/01 v1.3 Provides the ifluatex switch (HO)
Package ifluatex Info: LuaTeX not detected.
Package: ifvtex 2010/03/01 v1.5 Detect VTeX and its facilities (HO)
Package ifvtex Info: VTeX not detected.
Package: intcalc 2007/09/27 v1.1 Expandable calculations with integers (HO)
Package: ifpdf 2011/01/30 v2.3 Provides the ifpdf switch (HO)
Package ifpdf Info: pdfTeX in PDF mode is detected.
Package: etexcmds 2011/02/16 v1.5 Avoid name clashes with e-TeX commands (HO)
Package etexcmds Info: Could not find \expanded.
(etexcmds)             That can mean that you are not using pdfTeX 1.50 or
(etexcmds)             that some package has redefined \expanded.
(etexcmds)             In the latter case, load this package earlier.
Package: kvsetkeys 2012/04/25 v1.16 Key value parser (HO)
Package: kvdefinekeys 2011/04/07 v1.3 Define keys (HO)
Package: pdftexcmds 2011/11/29 v0.20 Utility functions of pdfTeX for LuaTeX (HO
)
Package pdftexcmds Info: LuaTeX not detected.
Package pdftexcmds Info: \pdf@primitive is available.
Package pdftexcmds Info: \pdf@ifprimitive is available.
Package pdftexcmds Info: \pdfdraftmode found.
Package: pdfescape 2011/11/25 v1.13 Implements pdfTeX's escape features (HO)
Package: bigintcalc 2012/04/08 v1.3 Expandable calculations on big integers (HO
)
Package: bitset 2011/01/30 v1.1 Handle bit-vector datatype (HO)
Package: uniquecounter 2011/01/30 v1.2 Provide unlimited unique counter (HO)
)
Package hobsub Info: Skipping package `hobsub' (already loaded).
Package: letltxmacro 2010/09/02 v1.4 Let assignment for LaTeX macros (HO)
Package: hopatch 2012/05/28 v1.2 Wrapper for package hooks (HO)
Package: xcolor-patch 2011/01/30 xcolor patch
Package: atveryend 2011/06/30 v1.8 Hooks at the very end of document (HO)
Package atveryend Info: \enddocument detected (standard20110627).
Package: atbegshi 2011/10/05 v1.16 At begin shipout hook (HO)
Package: refcount 2011/10/16 v3.4 Data extraction from label references (HO)
Package: hycolor 2011/01/30 v1.7 Color options for hyperref/bookmark (HO)
)
(c:/texlive/2014/texmf-dist/tex/generic/ifxetex/ifxetex.sty
Package: ifxetex 2010/09/12 v0.6 Provides ifxetex conditional
)
(c:/texlive/2014/texmf-dist/tex/latex/oberdiek/auxhook.sty
Package: auxhook 2011/03/04 v1.3 Hooks for auxiliary files (HO)
)
(c:/texlive/2014/texmf-dist/tex/latex/oberdiek/kvoptions.sty
Package: kvoptions 2011/06/30 v3.11 Key value format for package options (HO)
)
\@linkdim=\dimen116
\Hy@linkcounter=\count101
\Hy@pagecounter=\count102

(c:/texlive/2014/texmf-dist/tex/latex/hyperref/pd1enc.def
File: pd1enc.def 2012/11/06 v6.83m Hyperref: PDFDocEncoding definition (HO)
)
\Hy@SavedSpaceFactor=\count103

(c:/texlive/2014/texmf-dist/tex/latex/latexconfig/hyperref.cfg
File: hyperref.cfg 2002/06/06 v1.2 hyperref configuration of TeXLive
)
Package hyperref Info: Option `colorlinks' set `true' on input line 4319.


Package hyperref Warning: Option `pagecolor' is not available anymore.

Package hyperref Info: Option `linktocpage' set `true' on input line 4319.
Package hyperref Info: Hyper figures OFF on input line 4443.
Package hyperref Info: Link nesting OFF on input line 4448.
Package hyperref Info: Hyper index ON on input line 4451.
Package hyperref Info: Plain pages OFF on input line 4458.
Package hyperref Info: Backreferencing OFF on input line 4463.
Package hyperref Info: Implicit mode ON; LaTeX internals redefined.
Package hyperref Info: Bookmarks ON on input line 4688.
\c@Hy@tempcnt=\count104
(c:/texlive/2014/texmf-dist/tex/latex/url/url.sty
\Urlmuskip=\muskip11
Package: url 2013/09/16  ver 3.4  Verb mode for urls, etc.
)
LaTeX Info: Redefining \url on input line 5041.
\XeTeXLinkMargin=\dimen117
\Fld@menulength=\count105
\Field@Width=\dimen118
\Fld@charsize=\dimen119
Package hyperref Info: Hyper figures OFF on input line 6295.
Package hyperref Info: Link nesting OFF on input line 6300.
Package hyperref Info: Hyper index ON on input line 6303.
Package hyperref Info: backreferencing OFF on input line 6310.
Package hyperref Info: Link coloring ON on input line 6313.
Package hyperref Info: Link coloring with OCG OFF on input line 6320.
Package hyperref Info: PDF/A mode OFF on input line 6325.
LaTeX Info: Redefining \ref on input line 6365.
LaTeX Info: Redefining \pageref on input line 6369.
\Hy@abspage=\count106
\c@Item=\count107
\c@Hfootnote=\count108
)

Package hyperref Message: Driver (autodetected): hpdftex.

(c:/texlive/2014/texmf-dist/tex/latex/hyperref/hpdftex.def
File: hpdftex.def 2012/11/06 v6.83m Hyperref driver for pdfTeX
\Fld@listcount=\count109
\c@bookmark@seq@number=\count110

(c:/texlive/2014/texmf-dist/tex/latex/oberdiek/rerunfilecheck.sty
Package: rerunfilecheck 2011/04/15 v1.7 Rerun checks for auxiliary files (HO)
Package uniquecounter Info: New unique counter `rerunfilecheck' on input line 2
82.
)
\Hy@SectionHShift=\skip48
)
\auth@toks=\toks20
\affil@toks=\toks21
\email@toks=\toks22
\c@email@counter=\count111
\affiliationsSep=\skip49
LaTeX Font Info:    Try loading font information for OT1+phv on input line 138.


(c:/texlive/2014/texmf-dist/tex/latex/psnfss/ot1phv.fd
File: ot1phv.fd 2001/06/04 scalable font definitions for OT1/phv.
))
(c:/texlive/2014/texmf-dist/tex/latex/tools/verbatim.sty
Package: verbatim 2003/08/22 v1.5q LaTeX2e package for verbatim enhancements
\every@verbatim=\toks23
\verbatim@line=\toks24
\verbatim@in@stream=\read1
)
(./jerusalemarxivfinal.aux)
\openout1 = `jerusalemarxivfinal.aux'.

LaTeX Font Info:    Checking defaults for OML/cmm/m/it on input line 26.
LaTeX Font Info:    ... okay on input line 26.
LaTeX Font Info:    Checking defaults for T1/cmr/m/n on input line 26.
LaTeX Font Info:    ... okay on input line 26.
LaTeX Font Info:    Checking defaults for OT1/cmr/m/n on input line 26.
LaTeX Font Info:    ... okay on input line 26.
LaTeX Font Info:    Checking defaults for OMS/cmsy/m/n on input line 26.
LaTeX Font Info:    ... okay on input line 26.
LaTeX Font Info:    Checking defaults for OMX/cmex/m/n on input line 26.
LaTeX Font Info:    ... okay on input line 26.
LaTeX Font Info:    Checking defaults for U/cmr/m/n on input line 26.
LaTeX Font Info:    ... okay on input line 26.
LaTeX Font Info:    Checking defaults for PD1/pdf/m/n on input line 26.
LaTeX Font Info:    ... okay on input line 26.

(c:/texlive/2014/texmf-dist/tex/context/base/supp-pdf.mkii
[Loading MPS to PDF converter (version 2006.09.02).]
\scratchcounter=\count112
\scratchdimen=\dimen120
\scratchbox=\box28
\nofMPsegments=\count113
\nofMParguments=\count114
\everyMPshowfont=\toks25
\MPscratchCnt=\count115
\MPscratchDim=\dimen121
\MPnumerator=\count116
\makeMPintoPDFobject=\count117
\everyMPtoPDFconversion=\toks26
) (c:/texlive/2014/texmf-dist/tex/latex/oberdiek/epstopdf-base.sty
Package: epstopdf-base 2010/02/09 v2.5 Base part for package epstopdf

(c:/texlive/2014/texmf-dist/tex/latex/oberdiek/grfext.sty
Package: grfext 2010/08/19 v1.1 Manage graphics extensions (HO)
)
Package grfext Info: Graphics extension search list:
(grfext)             [.png,.pdf,.jpg,.mps,.jpeg,.jbig2,.jb2,.PNG,.PDF,.JPG,.JPE
G,.JBIG2,.JB2,.eps]
(grfext)             \AppendGraphicsExtensions on input line 452.

(c:/texlive/2014/texmf-dist/tex/latex/latexconfig/epstopdf-sys.cfg
File: epstopdf-sys.cfg 2010/07/13 v1.3 Configuration of (r)epstopdf for TeX Liv
e
))
\AtBeginShipoutBox=\box29
Package hyperref Info: Link coloring ON on input line 26.

(c:/texlive/2014/texmf-dist/tex/latex/hyperref/nameref.sty
Package: nameref 2012/10/27 v2.43 Cross-referencing by name of section

(c:/texlive/2014/texmf-dist/tex/generic/oberdiek/gettitlestring.sty
Package: gettitlestring 2010/12/03 v1.4 Cleanup title references (HO)
)
\c@section@level=\count118
)
LaTeX Info: Redefining \ref on input line 26.
LaTeX Info: Redefining \pageref on input line 26.
LaTeX Info: Redefining \nameref on input line 26.

(./jerusalemarxivfinal.out) (./jerusalemarxivfinal.out)
\@outlinefile=\write3
\openout3 = `jerusalemarxivfinal.out'.

LaTeX Font Info:    Try loading font information for U+msa on input line 34.

(c:/texlive/2014/texmf-dist/tex/latex/amsfonts/umsa.fd
File: umsa.fd 2013/01/14 v3.01 AMS symbols A
)
LaTeX Font Info:    Try loading font information for U+msb on input line 34.

(c:/texlive/2014/texmf-dist/tex/latex/amsfonts/umsb.fd
File: umsb.fd 2013/01/14 v3.01 AMS symbols B
) [1

{c:/texlive/2014/texmf-var/fonts/map/pdftex/updmap/pdftex.map}] (./jerusalemarx
ivfinal.toc [1]
[2])
\tf@toc=\write4
\openout4 = `jerusalemarxivfinal.toc'.



Package natbib Warning: Citation `Hawking:1974sw' on page 1 undefined on input 
line 36.


Package natbib Warning: Citation `Hawking:1976ra' on page 1 undefined on input 
line 36.

pdfTeX warning (ext4): destination with the same identifier (name{page.1}) has 
been already used, duplicate ignored
<to be read again> 
                   \relax 
l.43 
      [1]

Package natbib Warning: Citation `Susskind:2005js' on page 2 undefined on input
 line 44.


Package natbib Warning: Citation `Preskill:1992tc' on page 2 undefined on input
 line 44.


Package natbib Warning: Citation `Giddings:1994pj' on page 2 undefined on input
 line 44.


Package natbib Warning: Citation `Mathur:2009hf' on page 2 undefined on input l
ine 44.

[2] [3] [4] <kruskal.pdf, id=418, 162.07312pt x 163.4714pt>
File: kruskal.pdf Graphic file (type pdf)
 <use kruskal.pdf>
Package pdftex.def Info: kruskal.pdf used on input line 113.
(pdftex.def)             Requested size: 169.25688pt x 170.71652pt.

[5] [6 <./kruskal.pdf>]
LaTeX Font Info:    Try loading font information for OMS+cmr on input line 123.

 (c:/texlive/2014/texmf-dist/tex/latex/base/omscmr.fd
File: omscmr.fd 1999/05/25 v2.5h Standard LaTeX font definitions
)
LaTeX Font Info:    Font shape `OMS/cmr/m/n' in size <12> not available
(Font)              Font shape `OMS/cmsy/m/n' tried instead on input line 123.

Overfull \hbox (6.22581pt too wide) in paragraph at lines 123--124
\OT1/cmr/m/n/12 Time-like/spacelike geodesics in one met-ric will not nec-es-sa
r-ily be time-like/spacelike
 []

<flatpenrose.pdf, id=452, 254.96pt x 180.14322pt>
File: flatpenrose.pdf Graphic file (type pdf)
 <use flatpenrose.pdf>
Package pdftex.def Info: flatpenrose.pdf used on input line 145.
(pdftex.def)             Requested size: 241.61928pt x 170.71652pt.

[7] [8 <./flatpenrose.pdf>] <dspenrose.pdf, id=485, 161.403pt x 182.32744pt>
File: dspenrose.pdf Graphic file (type pdf)

<use dspenrose.pdf>
Package pdftex.def Info: dspenrose.pdf used on input line 163.
(pdftex.def)             Requested size: 100.75102pt x 113.81102pt.
 [9 <./dspenrose.pdf>]
<schpenrose.pdf, id=503, 336.55371pt x 180.11836pt>
File: schpenrose.pdf Graphic file (type pdf)
 <use schpenrose.pdf>
Package pdftex.def Info: schpenrose.pdf used on input line 181.
(pdftex.def)             Requested size: 265.83344pt x 142.26378pt.


Package natbib Warning: Citation `bombaci1996maximum' on page 10 undefined on i
nput line 189.

<collapse.pdf, id=508, 281.85088pt x 169.57407pt>
File: collapse.pdf Graphic file (type pdf)
 <use collapse.pdf>
Package pdftex.def Info: collapse.pdf used on input line 192.
(pdftex.def)             Requested size: 283.76828pt x 170.71652pt.
 [10]
[11 <./schpenrose.pdf>] [12 <./collapse.pdf>]

Package natbib Warning: Citation `Weinberg:1995mt' on page 13 undefined on inpu
t line 223.


Package natbib Warning: Citation `abramowitz1964handbook' on page 13 undefined 
on input line 231.

[13] [14]
Overfull \hbox (8.3039pt too wide) detected at line 277
[]\OMS/cmsy/m/n/12 h\OT1/cmr/m/n/12 
\OMS/cmsy/m/n/12 j\OML/cmm/m/it/12 T^^^\OT1/cmr/m/n/12 (\OML/cmm/m/it/12 t; x\O
T1/cmr/m/n/12 )\OML/cmm/m/it/12 ^^^\OT1/cmr/m/n/12 (\OML/cmm/m/it/12 t[]; y\OT1
/cmr/m/n/12 )\OMS/cmsy/m/n/12 j\OT1/cmr/m/n/12 
\OMS/cmsy/m/n/12 i \OT1/cmr/m/n/12 = [][]\OML/cmm/m/it/12 K[] [] ;
 []

[15] <entangledcorr.pdf, id=578, 246.07516pt x 109.83847pt>
File: entangledcorr.pdf Graphic file (type pdf)

<use entangledcorr.pdf>
Package pdftex.def Info: entangledcorr.pdf used on input line 299.
(pdftex.def)             Requested size: 191.23195pt x 85.35826pt.


Package natbib Warning: Citation `Streater:1989vi' on page 16 undefined on inpu
t line 305.

[16 <./entangledcorr.pdf>] <boost.pdf, id=598, 163.04997pt x 162.20601pt>
File: boost.pdf Graphic file (type pdf)

<use boost.pdf>
Package pdftex.def Info: boost.pdf used on input line 314.
(pdftex.def)             Requested size: 171.60558pt x 170.71652pt.

Overfull \hbox (10.52994pt too wide) in paragraph at lines 321--323
\OT1/cmr/m/n/12 This op-er-a-tor ap-pears time-dependent, but in the Heisen-ber
g pic-ture the time-dependence
 []

[17] [18 <./boost.pdf>] <eucpath.pdf, id=624, 347.38756pt x 173.63744pt>
File: eucpath.pdf Graphic file (type pdf)

<use eucpath.pdf>
Package pdftex.def Info: eucpath.pdf used on input line 339.
(pdftex.def)             Requested size: 284.63701pt x 142.26378pt.
 [19 <./eucpath.pdf>] [20] [21]

Package natbib Warning: Citation `Unruh:1983ms' on page 22 undefined on input l
ine 422.

[22] [23]

Package natbib Warning: Citation `Giddings:2006sj' on page 24 undefined on inpu
t line 442.

[24] <rindsch.pdf, id=727, 346.09299pt x 161.403pt>
File: rindsch.pdf Graphic file (type pdf)
 <use rindsch.pdf>
Package pdftex.def Info: rindsch.pdf used on input line 478.
(pdftex.def)             Requested size: 305.07501pt x 142.26378pt.
 [25]

Package natbib Warning: Citation `Hartle:1976tp' on page 26 undefined on input 
line 493.


Package natbib Warning: Citation `Israel:1976ur' on page 26 undefined on input 
line 493.

[26 <./rindsch.pdf>] <potentials.pdf, id=754, 479.7925pt x 330.23375pt>
File: potentials.pdf Graphic file (type pdf)

<use potentials.pdf>
Package pdftex.def Info: potentials.pdf used on input line 538.
(pdftex.def)             Requested size: 165.35287pt x 113.81102pt.
 [27] <schscat.pdf, id=765, 298.48657pt x 89.00581pt>
File: schscat.pdf Graphic file (type pdf)

<use schscat.pdf>
Package pdftex.def Info: schscat.pdf used on input line 548.
(pdftex.def)             Requested size: 477.11913pt x 142.26378pt.

Overfull \hbox (34.82599pt too wide) in paragraph at lines 548--549
 [] 
 []

[28 <./potentials.pdf> <./schscat.pdf

pdfTeX warning: pdflatex.exe (file ./schscat.pdf): PDF inclusion: multiple pdfs
 with page group included in a single page
>] <collapse2.pdf, id=800, 121.253pt x 169.433pt>
File: collapse2.pdf Graphic file (type pdf)
 <use collapse2.pdf>
Package pdftex.def Info: collapse2.pdf used on input line 561.
(pdftex.def)             Requested size: 101.81482pt x 142.26378pt.

Overfull \hbox (9.098pt too wide) in paragraph at lines 566--567
\OT1/cmr/m/n/12 global time-translation sym-me-try, pos-i-tive fre-quency modes
 with re-spect to Schwarzschild
 []

[29 <./collapse2.pdf>]

Package natbib Warning: Citation `Hawking:1974sw' on page 30 undefined on input
 line 568.


Package natbib Warning: Citation `Wald:1984rg' on page 30 undefined on input li
ne 568.


Package natbib Warning: Citation `Page:1976df' on page 30 undefined on input li
ne 576.

[30]

Package natbib Warning: Citation `Regge:1974zd' on page 31 undefined on input l
ine 583.


Package natbib Warning: Citation `Arnowitt:1962hi' on page 31 undefined on inpu
t line 583.


Package natbib Warning: Citation `Page:1976df' on page 31 undefined on input li
ne 589.

[31] <evappen.pdf, id=824, 161.403pt x 241.703pt>
File: evappen.pdf Graphic file (type pdf)
 <use evappen.pdf>
Package pdftex.def Info: evappen.pdf used on input line 604.
(pdftex.def)             Requested size: 95.00528pt x 142.26378pt.
 [32]

Package natbib Warning: Citation `Hawking:1971tu' on page 33 undefined on input
 line 623.


Package natbib Warning: Citation `Bekenstein:1973ur' on page 33 undefined on in
put line 623.


Package natbib Warning: Citation `Bardeen:1973gs' on page 33 undefined on input
 line 623.


Package natbib Warning: Citation `Bardeen:1973gs' on page 33 undefined on input
 line 623.


Package natbib Warning: Citation `Bekenstein:1973ur' on page 33 undefined on in
put line 623.


Package natbib Warning: Citation `Bekenstein:1974ax' on page 33 undefined on in
put line 623.

[33 <./evappen.pdf>]

Package natbib Warning: Citation `Polchinski:1998rq' on page 34 undefined on in
put line 625.


Package natbib Warning: Citation `Polchinski:1998rr' on page 34 undefined on in
put line 625.


Package natbib Warning: Citation `Susskind:1993ws' on page 34 undefined on inpu
t line 625.


Package natbib Warning: Citation `Horowitz:1996nw' on page 34 undefined on inpu
t line 625.


Package natbib Warning: Citation `Strominger:1996sh' on page 34 undefined on in
put line 625.

[34]

Package natbib Warning: Citation `Wald:1975kc' on page 35 undefined on input li
ne 632.

[35]

Package natbib Warning: Citation `Preskill:1992tc' on page 36 undefined on inpu
t line 645.


Package natbib Warning: Citation `Giddings:1994qt' on page 36 undefined on inpu
t line 645.


Package natbib Warning: Citation `Susskind:1995da' on page 36 undefined on inpu
t line 645.


Package natbib Warning: Citation `'tHooft:1984re' on page 36 undefined on input
 line 653.


Package natbib Warning: Citation `Unruh:1994zw' on page 36 undefined on input l
ine 653.


Package natbib Warning: Citation `Corley:1996ar' on page 36 undefined on input 
line 653.

[36]

Package natbib Warning: Citation `Polchinski:1995ta' on page 37 undefined on in
put line 673.


Package natbib Warning: Citation `Polchinski:1995ta' on page 37 undefined on in
put line 673.

[37] [38]

Package natbib Warning: Citation `'tHooft:1984re' on page 39 undefined on input
 line 691.

[39] [40] [41] <cigar.pdf, id=946, 218.0031pt x 209.52847pt>
File: cigar.pdf Graphic file (type pdf)
 <use cigar.pdf>
Package pdftex.def Info: cigar.pdf used on input line 754.
(pdftex.def)             Requested size: 177.62936pt x 170.71652pt.


Package natbib Warning: Citation `Hartle:1976tp' on page 42 undefined on input 
line 759.


Package natbib Warning: Citation `Israel:1976ur' on page 42 undefined on input 
line 759.

[42 <./cigar.pdf>]

Package natbib Warning: Citation `Takahashi:1996zn' on page 43 undefined on inp
ut line 769.


Package natbib Warning: Citation `Gibbons:1976ue' on page 43 undefined on input
 line 771.

[43]

Package natbib Warning: Citation `Gibbons:1976ue' on page 44 undefined on input
 line 799.


Package natbib Warning: Citation `Gibbons:1976ue' on page 44 undefined on input
 line 809.

[44]

Package natbib Warning: Citation `Susskind:1994sm' on page 45 undefined on inpu
t line 820.


Package natbib Warning: Citation `Demers:1995dq' on page 45 undefined on input 
line 820.


Package natbib Warning: Citation `Demers:1995dq' on page 45 undefined on input 
line 820.

[45] [46] <smat.pdf, id=1015, 81.25902pt x 161.403pt>
File: smat.pdf Graphic file (type pdf)
 <use smat.pdf>
Package pdftex.def Info: smat.pdf used on input line 847.
(pdftex.def)             Requested size: 85.9531pt x 170.71652pt.
 [47 <./smat.pdf>]

Package natbib Warning: Citation `Banks:1996vh' on page 48 undefined on input l
ine 853.

<bhscat.pdf, id=1036, 81.25902pt x 161.403pt>
File: bhscat.pdf Graphic file (type pdf)
 <use bhscat.pdf>
Package pdftex.def Info: bhscat.pdf used on input line 859.
(pdftex.def)             Requested size: 85.9531pt x 170.71652pt.


Package natbib Warning: Citation `Page:1993wv' on page 48 undefined on input li
ne 870.


Package natbib Warning: Citation `Page:2013dx' on page 48 undefined on input li
ne 870.


Package natbib Warning: Citation `Holzhey:1994we' on page 48 undefined on input
 line 870.

<pagecurve.pdf, id=1040, 152.66411pt x 145.02383pt>
File: pagecurve.pdf Graphic file (type pdf)
 <use pagecurve.pdf>
Package pdftex.def Info: pagecurve.pdf used on input line 873.
(pdftex.def)             Requested size: 149.76587pt x 142.26378pt.


Package natbib Warning: Citation `Page:2013dx' on page 48 undefined on input li
ne 874.


Package natbib Warning: Citation `Page:2013dx' on page 48 undefined on input li
ne 874.

[48]

Package natbib Warning: Citation `Page:1993df' on page 49 undefined on input li
ne 887.

[49 <./bhscat.pdf>] [50 <./pagecurve.pdf>] [51] [52]

Package natbib Warning: Citation `Page:2013dx' on page 53 undefined on input li
ne 951.

[53]

Package natbib Warning: Citation `feynman1982simulating' on page 54 undefined o
n input line 958.


Package natbib Warning: Citation `lloyd1996universal' on page 54 undefined on i
nput line 958.


Package natbib Warning: Citation `Jordan:2011ne' on page 54 undefined on input 
line 958.


Package natbib Warning: Citation `Hayden:2007cs' on page 54 undefined on input 
line 960.


Package natbib Warning: Citation `PhysRevLett.87.167902' on page 54 undefined o
n input line 964.

<swap.pdf, id=1118, 161.403pt x 81.103pt>
File: swap.pdf Graphic file (type pdf)
 <use swap.pdf>
Package pdftex.def Info: swap.pdf used on input line 967.
(pdftex.def)             Requested size: 226.49709pt x 113.81102pt.


Package natbib Warning: Citation `PhysRevLett.87.167902' on page 54 undefined o
n input line 968.


Package natbib Warning: Citation `PhysRevLett.87.167902' on page 54 undefined o
n input line 968.

[54]

Package natbib Warning: Citation `Harlow:2013tf' on page 55 undefined on input 
line 972.

[55 <./swap.pdf>] [56]

Package natbib Warning: Citation `Hayden:2007cs' on page 57 undefined on input 
line 992.


Package natbib Warning: Citation `PhysRevLett.70.1895' on page 57 undefined on 
input line 1003.

[57]

Package natbib Warning: Citation `Wootters:1982zz' on page 58 undefined on inpu
t line 1005.


Package natbib Warning: Citation `Dieks:1982dj' on page 58 undefined on input l
ine 1005.

[58]

Package natbib Warning: Citation `Fitzpatrick:2014vua' on page 59 undefined on 
input line 1030.

<hpfig.pdf, id=1180, 141.62079pt x 101.17801pt>
File: hpfig.pdf Graphic file (type pdf)
 <use hpfig.pdf>
Package pdftex.def Info: hpfig.pdf used on input line 1039.
(pdftex.def)             Requested size: 199.14075pt x 142.26378pt.


Package natbib Warning: Citation `Hayden:2007cs' on page 59 undefined on input 
line 1043.

[59]

Package natbib Warning: Citation `Harlow:2013tf' on page 60 undefined on input 
line 1047.

[60 <./hpfig.pdf>]

Package natbib Warning: Citation `Price:1986yy' on page 61 undefined on input l
ine 1053.


Package natbib Warning: Citation `dankert2009exact' on page 61 undefined on inp
ut line 1055.


Package natbib Warning: Citation `Sekino:2008he' on page 61 undefined on input 
line 1055.

[61]

Package natbib Warning: Citation `Sekino:2008he' on page 62 undefined on input 
line 1058.


Package natbib Warning: Citation `Lashkari:2011yi' on page 62 undefined on inpu
t line 1058.


Package natbib Warning: Citation `Barbon:2011pn' on page 62 undefined on input 
line 1058.


Package natbib Warning: Citation `Barbon:2012zv' on page 62 undefined on input 
line 1058.


Package natbib Warning: Citation `Shenker:2013pqa' on page 62 undefined on inpu
t line 1058.


Package natbib Warning: Citation `Shenker:2013yza' on page 62 undefined on inpu
t line 1058.


Package natbib Warning: Citation `Susskind:1993mu' on page 62 undefined on inpu
t line 1063.

<cloning.pdf, id=1228, 241.703pt x 322.00299pt>
File: cloning.pdf Graphic file (type pdf)
 <use cloning.pdf>
Package pdftex.def Info: cloning.pdf used on input line 1067.
(pdftex.def)             Requested size: 106.78484pt x 142.26378pt.
 [62]

Package natbib Warning: Citation `Hayden:2007cs' on page 63 undefined on input 
line 1073.

[63 <./cloning.pdf>]

Package natbib Warning: Citation `Susskind:1993if' on page 64 undefined on inpu
t line 1075.


Package natbib Warning: Citation `Susskind:1993mu' on page 64 undefined on inpu
t line 1075.


Package natbib Warning: Citation `Lowe:1995ac' on page 64 undefined on input li
ne 1075.


Package natbib Warning: Citation `Kiem:1995iy' on page 64 undefined on input li
ne 1075.


Package natbib Warning: Citation `Hawking:2005kf' on page 64 undefined on input
 line 1081.


Package natbib Warning: Citation `Maldacena:1997re' on page 64 undefined on inp
ut line 1081.


Package natbib Warning: Citation `Witten:1998qj' on page 64 undefined on input 
line 1081.


Package natbib Warning: Citation `Gubser:1998bc' on page 64 undefined on input 
line 1081.


Package natbib Warning: Citation `tHooft:1993gx' on page 64 undefined on input 
line 1081.


Package natbib Warning: Citation `Susskind:1994vu' on page 64 undefined on inpu
t line 1081.


Package natbib Warning: Citation `Aharony:1999ti' on page 64 undefined on input
 line 1081.

[64]

Package natbib Warning: Citation `Bousso:2002ju' on page 65 undefined on input 
line 1086.


Package natbib Warning: Citation `Bekenstein:1980jp' on page 65 undefined on in
put line 1096.


Package natbib Warning: Citation `Unruh:1982ic' on page 65 undefined on input l
ine 1096.


Package natbib Warning: Citation `Marolf:2003wu' on page 65 undefined on input 
line 1096.


Package natbib Warning: Citation `Marolf:2003sq' on page 65 undefined on input 
line 1096.


Package natbib Warning: Citation `Casini:2008cr' on page 65 undefined on input 
line 1096.

[65]

Package natbib Warning: Citation `Susskind:1994vu' on page 66 undefined on inpu
t line 1098.


Package natbib Warning: Citation `Bousso:2002ju' on page 66 undefined on input 
line 1102.


Package natbib Warning: Citation `Bousso:1999xy' on page 66 undefined on input 
line 1102.


Package natbib Warning: Citation `Bousso:1999cb' on page 66 undefined on input 
line 1102.


Package natbib Warning: Citation `Flanagan:1999jp' on page 66 undefined on inpu
t line 1102.


Package natbib Warning: Citation `Wall:2010cj' on page 66 undefined on input li
ne 1102.


Package natbib Warning: Citation `Wall:2011hj' on page 66 undefined on input li
ne 1102.


Package natbib Warning: Citation `Bousso:2014sda' on page 66 undefined on input
 line 1102.

[66]

Package natbib Warning: Citation `tHooft:1993gx' on page 67 undefined on input 
line 1104.


Package natbib Warning: Citation `Susskind:1994vu' on page 67 undefined on inpu
t line 1104.


Package natbib Warning: Citation `Maldacena:1997re' on page 67 undefined on inp
ut line 1109.


Package natbib Warning: Citation `Polchinski:1998rr' on page 67 undefined on in
put line 1109.

[67] <adspen.pdf, id=1275, 97.13914pt x 186.296pt>
File: adspen.pdf Graphic file (type pdf)
 <use adspen.pdf>
Package pdftex.def Info: adspen.pdf used on input line 1127.
(pdftex.def)             Requested size: 74.1852pt x 142.26378pt.


Package natbib Warning: Citation `Henneaux:1985tv' on page 68 undefined on inpu
t line 1134.

[68]
Overfull \hbox (5.62999pt too wide) in paragraph at lines 1140--1142
\OT1/cmr/m/n/12 More ab-stractly the con-for-mal group is de-fined as the set o
f trans-for-ma-tions of Minkowski
 []

[69 <./adspen.pdf>] [70] <stateop.pdf, id=1320, 117.49524pt x 81.10306pt>
File: stateop.pdf Graphic file (type pdf)

<use stateop.pdf>
Package pdftex.def Info: stateop.pdf used on input line 1177.
(pdftex.def)             Requested size: 123.66048pt x 85.35826pt.


Package natbib Warning: Citation `Heemskerk:2009pn' on page 71 undefined on inp
ut line 1183.

[71 <./stateop.pdf>]

Package natbib Warning: Citation `Banks:1998dd' on page 72 undefined on input l
ine 1197.


Package natbib Warning: Citation `Witten:1998qj' on page 72 undefined on input 
line 1197.


Package natbib Warning: Citation `Gubser:1998bc' on page 72 undefined on input 
line 1197.


Package natbib Warning: Citation `Harlow:2011ke' on page 72 undefined on input 
line 1197.

[72]

Package natbib Warning: Citation `Burgess:1984ti' on page 73 undefined on input
 line 1199.


Package natbib Warning: Citation `Harlow:2011ke' on page 73 undefined on input 
line 1199.


Overfull \hbox (18.35432pt too wide) detected at line 1202
[]\OMS/cmsy/m/n/12 h\OT1/cmr/m/n/12 
\OMS/cmsy/m/n/12 j\OML/cmm/m/it/12 T^^^\OT1/cmr/m/n/12 (\OML/cmm/m/it/12 x\OT1/
cmr/m/n/12 )\OML/cmm/m/it/12 ^^^\OT1/cmr/m/n/12 (\OML/cmm/m/it/12 x[]\OT1/cmr/m
/n/12 )\OMS/cmsy/m/n/12 j\OT1/cmr/m/n/12 
\OMS/cmsy/m/n/12 i \OT1/cmr/m/n/12 = (2^^A \OMS/cmsy/m/n/12 ^^@ \OML/cmm/m/it/1
2 d\OT1/cmr/m/n/12 )[]2[]\OML/cmm/m/it/12 ^^Y[][]u[]F [] ;
 []


Package natbib Warning: Citation `Maldacena:1998im' on page 73 undefined on inp
ut line 1221.


Package natbib Warning: Citation `Ryu:2006bv' on page 73 undefined on input lin
e 1221.


Package natbib Warning: Citation `Hubeny:2007xt' on page 73 undefined on input 
line 1221.


Package natbib Warning: Citation `Nishioka:2009un' on page 73 undefined on inpu
t line 1221.


Package natbib Warning: Citation `Lewkowycz:2013nqa' on page 73 undefined on in
put line 1221.

[73]

Package natbib Warning: Citation `Vasiliev:1990en' on page 74 undefined on inpu
t line 1223.


Package natbib Warning: Citation `Klebanov:2002ja' on page 74 undefined on inpu
t line 1223.


Package natbib Warning: Citation `Giombi:2009wh' on page 74 undefined on input 
line 1223.


Package natbib Warning: Citation `Gaberdiel:2010pz' on page 74 undefined on inp
ut line 1223.

[74]

Package natbib Warning: Citation `Breitenlohner:1982jf' on page 75 undefined on
 input line 1251.


Package natbib Warning: Citation `Breitenlohner:1982jf' on page 75 undefined on
 input line 1251.


Package natbib Warning: Citation `Klebanov:1999tb' on page 75 undefined on inpu
t line 1251.

[75]

Package natbib Warning: Citation `Banks:1998dd' on page 76 undefined on input l
ine 1266.

[76]

Package natbib Warning: Citation `Kabat:2011rz' on page 77 undefined on input l
ine 1270.


Package natbib Warning: Citation `Heemskerk:2012mn' on page 77 undefined on inp
ut line 1270.


Package natbib Warning: Citation `Kabat:2012av' on page 77 undefined on input l
ine 1270.


Package natbib Warning: Citation `Heemskerk:2012np' on page 77 undefined on inp
ut line 1270.


Package natbib Warning: Citation `Maldacena:2002vr' on page 77 undefined on inp
ut line 1270.


Package natbib Warning: Citation `Almheiri:2014lwa' on page 77 undefined on inp
ut line 1270.


Package natbib Warning: Citation `Horowitz:1999uv' on page 77 undefined on inpu
t line 1276.

[77]

Package natbib Warning: Citation `Horowitz:1999uv' on page 78 undefined on inpu
t line 1284.

[78]

Package natbib Warning: Citation `Banados:1992wn' on page 79 undefined on input
 line 1313.


Package natbib Warning: Citation `Cardy:1986ie' on page 79 undefined on input l
ine 1317.


Package natbib Warning: Citation `Brown:1986nw' on page 79 undefined on input l
ine 1321.

[79]

Package natbib Warning: Citation `Hartman:2014oaa' on page 80 undefined on inpu
t line 1330.


Package natbib Warning: Citation `Hawking:1982dh' on page 80 undefined on input
 line 1333.


Package natbib Warning: Citation `Witten:1998zw' on page 80 undefined on input 
line 1333.

[80]

Package natbib Warning: Citation `Hawking:1982dh' on page 81 undefined on input
 line 1344.


Package natbib Warning: Citation `Witten:1998zw' on page 81 undefined on input 
line 1346.


Package natbib Warning: Citation `Aharony:2003sx' on page 81 undefined on input
 line 1346.

[81]

Package natbib Warning: Citation `Papadodimas:2012aq' on page 82 undefined on i
nput line 1366.


Package natbib Warning: Citation `Fidkowski:2003nf' on page 82 undefined on inp
ut line 1366.


Package natbib Warning: Citation `Papadodimas:2012aq' on page 82 undefined on i
nput line 1366.


Package natbib Warning: Citation `Kabat:2014kfa' on page 82 undefined on input 
line 1366.


Package natbib Warning: Citation `Leichenauer:2013kaa' on page 82 undefined on 
input line 1366.


Package natbib Warning: Citation `Leichenauer:2013kaa' on page 82 undefined on 
input line 1366.


Package natbib Warning: Citation `Morrison:2014jha' on page 82 undefined on inp
ut line 1366.

[82] [83] <ads2.pdf, id=1509, 161.60579pt x 84.22354pt>
File: ads2.pdf Graphic file (type pdf)
 <use ads2.pdf>
Package pdftex.def Info: ads2.pdf used on input line 1381.
(pdftex.def)             Requested size: 272.98524pt x 142.26378pt.


Package natbib Warning: Citation `Maldacena:2001kr' on page 84 undefined on inp
ut line 1386.

[84 <./ads2.pdf>] <cfthh.pdf, id=1524, 161.40306pt x 98.66241pt>
File: cfthh.pdf Graphic file (type pdf)

<use cfthh.pdf>
Package pdftex.def Info: cfthh.pdf used on input line 1393.
(pdftex.def)             Requested size: 209.4693pt x 128.0374pt.


Package natbib Warning: Citation `VanRaamsdonk:2010pw' on page 85 undefined on 
input line 1398.


Package natbib Warning: Citation `Maldacena:2013xja' on page 85 undefined on in
put line 1398.


Package natbib Warning: Citation `Einstein:1935tc' on page 85 undefined on inpu
t line 1398.


Package natbib Warning: Citation `Einstein:1935rr' on page 85 undefined on inpu
t line 1398.

[85 <./cfthh.pdf>]

Package natbib Warning: Citation `Shenker:2011zf' on page 86 undefined on input
 line 1413.

[86] [87]

Package natbib Warning: Citation `Rocha:2008fe' on page 88 undefined on input l
ine 1426.


Package natbib Warning: Citation `Maldacena:2001kr' on page 88 undefined on inp
ut line 1429.


Package natbib Warning: Citation `Barbon:2003aq' on page 88 undefined on input 
line 1429.


Package natbib Warning: Citation `Barbon:2014rma' on page 88 undefined on input
 line 1429.

[88]

Package natbib Warning: Citation `Maldacena:2001kr' on page 89 undefined on inp
ut line 1441.

[89] [90]

Package natbib Warning: Citation `deutsch1991quantum' on page 91 undefined on i
nput line 1462.


Package natbib Warning: Citation `Srednicki:1995pt' on page 91 undefined on inp
ut line 1462.


Package natbib Warning: Citation `Papadodimas:2012aq' on page 91 undefined on i
nput line 1465.


Package natbib Warning: Citation `Maldacena:2001kr' on page 91 undefined on inp
ut line 1465.


Package natbib Warning: Citation `Barbon:2003aq' on page 91 undefined on input 
line 1465.

[91]

Package natbib Warning: Citation `Ryu:2006bv' on page 92 undefined on input lin
e 1468.


Package natbib Warning: Citation `Hubeny:2007xt' on page 92 undefined on input 
line 1468.


Package natbib Warning: Citation `Headrick:2007km' on page 92 undefined on inpu
t line 1474.

<hrt.pdf, id=1620, 195.93199pt x 81.103pt>
File: hrt.pdf Graphic file (type pdf)
 <use hrt.pdf>
Package pdftex.def Info: hrt.pdf used on input line 1482.
(pdftex.def)             Requested size: 274.95166pt x 113.81102pt.


Package natbib Warning: Citation `Hartman:2013mia' on page 92 undefined on inpu
t line 1486.


Package natbib Warning: Citation `Faulkner:2013yia' on page 92 undefined on inp
ut line 1486.


Package natbib Warning: Citation `Headrick:2007km' on page 92 undefined on inpu
t line 1486.


Package natbib Warning: Citation `Wall:2012uf' on page 92 undefined on input li
ne 1486.


Package natbib Warning: Citation `Lewkowycz:2013nqa' on page 92 undefined on in
put line 1486.


Package natbib Warning: Citation `Dong:2013qoa' on page 92 undefined on input l
ine 1486.


Package natbib Warning: Citation `Balasubramanian:2013lsa' on page 92 undefined
 on input line 1486.


Package natbib Warning: Citation `Czech:2014wka' on page 92 undefined on input 
line 1486.


Overfull \hbox (8.93889pt too wide) in paragraph at lines 1486--1487
[]\OT1/cmr/m/n/12 The RT/HRT pro-posal has passed many non-triv-ial checks, es-
pe-cially for $\OML/cmm/m/it/12 AdS[]=CFT[]$\OT1/cmr/m/n/12 ,
 []

[92]

Package natbib Warning: Citation `Hartman:2013qma' on page 93 undefined on inpu
t line 1490.


Package natbib Warning: Citation `Shenker:2013pqa' on page 93 undefined on inpu
t line 1490.


Package natbib Warning: Citation `Shenker:2013yza' on page 93 undefined on inpu
t line 1490.


Package natbib Warning: Citation `Morrison:2012iz' on page 93 undefined on inpu
t line 1490.


Package natbib Warning: Citation `Morrison:2012iz' on page 93 undefined on inpu
t line 1490.

[93 <./hrt.pdf>] [94]

Package natbib Warning: Citation `Susskind:1993mu' on page 95 undefined on inpu
t line 1499.


Package natbib Warning: Citation `Susskind:1993mu' on page 95 undefined on inpu
t line 1499.


Package natbib Warning: Citation `Hayden:2007cs' on page 95 undefined on input 
line 1499.


Package natbib Warning: Citation `Unruh:1995gn' on page 95 undefined on input l
ine 1501.


Package natbib Warning: Citation `Mathur:2009hf' on page 95 undefined on input 
line 1501.


Package natbib Warning: Citation `Giddings:2011ks' on page 95 undefined on inpu
t line 1501.


Package natbib Warning: Citation `Almheiri:2012rt' on page 95 undefined on inpu
t line 1504.


Package natbib Warning: Citation `Giddings:1994pj' on page 95 undefined on inpu
t line 1504.


Package natbib Warning: Citation `Polchinski:1995ta' on page 95 undefined on in
put line 1504.


Package natbib Warning: Citation `Mathur:2009hf' on page 95 undefined on input 
line 1504.


Package natbib Warning: Citation `Giddings:2011ks' on page 95 undefined on inpu
t line 1504.


Package natbib Warning: Citation `Avery:2011nb' on page 95 undefined on input l
ine 1504.


Package natbib Warning: Citation `Mathur:2009hf' on page 95 undefined on input 
line 1504.


Package natbib Warning: Citation `Braunstein:2009my' on page 95 undefined on in
put line 1504.


Package natbib Warning: Citation `Brown:2012un' on page 95 undefined on input l
ine 1504.

[95] <alice.pdf, id=1663, 221.628pt x 322.00302pt>
File: alice.pdf Graphic file (type pdf)
 <use alice.pdf>
Package pdftex.def Info: alice.pdf used on input line 1508.
(pdftex.def)             Requested size: 156.6671pt x 227.62204pt.
 [96 <./alice.pdf>]

Package natbib Warning: Citation `koashi2004monogamy' on page 97 undefined on i
nput line 1516.

[97]

Package natbib Warning: Citation `Bousso:2013wia' on page 98 undefined on input
 line 1535.

[98]

Package natbib Warning: Citation `Marolf:2013dba' on page 99 undefined on input
 line 1537.

[99]

Package natbib Warning: Citation `Harlow:2014yoa' on page 100 undefined on inpu
t line 1547.


Package natbib Warning: Citation `Marolf:2013dba' on page 100 undefined on inpu
t line 1547.

[100]

Package natbib Warning: Citation `Heemskerk:2012mn' on page 101 undefined on in
put line 1556.


Package natbib Warning: Citation `Almheiri:2013hfa' on page 101 undefined on in
put line 1556.


Package natbib Warning: Citation `Almheiri:2013hfa' on page 101 undefined on in
put line 1558.


Package natbib Warning: Citation `Marolf:2012xe' on page 101 undefined on input
 line 1563.


Package natbib Warning: Citation `Avery:2013exa' on page 101 undefined on input
 line 1563.

[101] [102]

Package natbib Warning: Citation `harlow2' on page 103 undefined on input line 
1577.


Package natbib Warning: Citation `Hui:2013jfa' on page 103 undefined on input l
ine 1577.


Package natbib Warning: Citation `Ilgin:2013iba' on page 103 undefined on input
 line 1577.


Package natbib Warning: Citation `Freivogel:2014fqa' on page 103 undefined on i
nput line 1577.


Package natbib Warning: Citation `Harlow:2013tf' on page 103 undefined on input
 line 1577.

[103]

Package natbib Warning: Citation `feynman1982simulating' on page 104 undefined 
on input line 1585.


Package natbib Warning: Citation `lloyd1996universal' on page 104 undefined on 
input line 1585.


Package natbib Warning: Citation `Jordan:2011ne' on page 104 undefined on input
 line 1585.


Package natbib Warning: Citation `Harlow:2013tf' on page 104 undefined on input
 line 1585.

[104]

Package natbib Warning: Citation `arora2009computational' on page 105 undefined
 on input line 1597.


Package natbib Warning: Citation `impagliazzo1995personal' on page 105 undefine
d on input line 1605.

[105] [106]

Package natbib Warning: Citation `goldreich1989hard' on page 107 undefined on i
nput line 1628.


Package natbib Warning: Citation `Almheiri:2013hfa' on page 107 undefined on in
put line 1630.


Package natbib Warning: Citation `Oppenheim:2014gfa' on page 107 undefined on i
nput line 1630.


Package natbib Warning: Citation `Oppenheim:2014gfa' on page 107 undefined on i
nput line 1630.


Package natbib Warning: Citation `Bousso:2012as' on page 107 undefined on input
 line 1630.


Package natbib Warning: Citation `harlow2' on page 107 undefined on input line 
1630.


Package natbib Warning: Citation `Banks:2012nn' on page 107 undefined on input 
line 1630.


Package natbib Warning: Citation `Harlow:2013tf' on page 107 undefined on input
 line 1630.


Package natbib Warning: Citation `Almheiri:2013hfa' on page 107 undefined on in
put line 1630.

[107]

Package natbib Warning: Citation `Bousso:2012as' on page 108 undefined on input
 line 1635.


Package natbib Warning: Citation `Verlinde:2012cy' on page 108 undefined on inp
ut line 1635.


Package natbib Warning: Citation `Papadodimas:2012aq' on page 108 undefined on 
input line 1635.


Package natbib Warning: Citation `Harlow:2013tf' on page 108 undefined on input
 line 1635.


Package natbib Warning: Citation `Maldacena:2013xja' on page 108 undefined on i
nput line 1635.


Package natbib Warning: Citation `Papadodimas:2013wnh' on page 108 undefined on
 input line 1635.


Package natbib Warning: Citation `Papadodimas:2013jku' on page 108 undefined on
 input line 1635.


Package natbib Warning: Citation `Verlinde:2013qya' on page 108 undefined on in
put line 1635.


Package natbib Warning: Citation `Harlow:2014yoa' on page 108 undefined on inpu
t line 1635.

[108]

Package natbib Warning: Citation `Maldacena:2013xja' on page 109 undefined on i
nput line 1637.


Package natbib Warning: Citation `VanRaamsdonk:2013sza' on page 109 undefined o
n input line 1637.


Package natbib Warning: Citation `Rocha:2008fe' on page 109 undefined on input 
line 1637.


Package natbib Warning: Citation `Almheiri:2013hfa' on page 109 undefined on in
put line 1648.


Package natbib Warning: Citation `Bousso:2013ifa' on page 109 undefined on inpu
t line 1648.


Package natbib Warning: Citation `Harlow:2014yoa' on page 109 undefined on inpu
t line 1648.


Package natbib Warning: Citation `Bousso:2012as' on page 109 undefined on input
 line 1648.


Package natbib Warning: Citation `Chowdhury:2013mka' on page 109 undefined on i
nput line 1648.

[109]

Package natbib Warning: Citation `Almheiri:2013hfa' on page 110 undefined on in
put line 1650.


Package natbib Warning: Citation `Almheiri:2013hfa' on page 110 undefined on in
put line 1651.


Package natbib Warning: Citation `Bousso:2013ifa' on page 110 undefined on inpu
t line 1651.


Package natbib Warning: Citation `Harlow:2014yoa' on page 110 undefined on inpu
t line 1651.


Package natbib Warning: Citation `Harlow:2014yoa' on page 110 undefined on inpu
t line 1652.


Package natbib Warning: Citation `Harlow:2014yoa' on page 110 undefined on inpu
t line 1652.

[110]

Package natbib Warning: Citation `Almheiri:2013hfa' on page 111 undefined on in
put line 1654.


Package natbib Warning: Citation `Papadodimas:2013wnh' on page 111 undefined on
 input line 1656.


Package natbib Warning: Citation `Papadodimas:2013jku' on page 111 undefined on
 input line 1656.


Package natbib Warning: Citation `Harlow:2014yoa' on page 111 undefined on inpu
t line 1656.


Package natbib Warning: Citation `Horowitz:2003he' on page 111 undefined on inp
ut line 1659.


Package natbib Warning: Citation `PhysRev.134.B1410' on page 111 undefined on i
nput line 1659.

[111]

Package natbib Warning: Citation `GellMann:1992kh' on page 112 undefined on inp
ut line 1675.


Package natbib Warning: Citation `PhysRev.134.B1410' on page 112 undefined on i
nput line 1681.


Package natbib Warning: Citation `Aaronson:2005qu' on page 112 undefined on inp
ut line 1686.

[112] [113]

Package natbib Warning: Citation `Lloyd:2013bza' on page 114 undefined on input
 line 1714.


Package natbib Warning: Citation `Bousso:2013uka' on page 114 undefined on inpu
t line 1714.


Package natbib Warning: Citation `Gottesman:2003up' on page 114 undefined on in
put line 1716.


Package natbib Warning: Citation `Bousso:2013uka' on page 114 undefined on inpu
t line 1716.


Package natbib Warning: Citation `Lloyd:2013bza' on page 114 undefined on input
 line 1716.


Package natbib Warning: Citation `Bousso:2013uka' on page 114 undefined on inpu
t line 1716.


Package natbib Warning: Citation `Lloyd:2013bza' on page 114 undefined on input
 line 1716.

[114]

Package natbib Warning: Citation `Almheiri:2012rt' on page 115 undefined on inp
ut line 1722.


Package natbib Warning: Citation `Marolf:2013dba' on page 115 undefined on inpu
t line 1722.


Package natbib Warning: Citation `Susskind:2014rva' on page 115 undefined on in
put line 1725.


Package natbib Warning: Citation `Stanford:2014jda' on page 115 undefined on in
put line 1725.


Package natbib Warning: Citation `Susskind:2014jwa' on page 115 undefined on in
put line 1725.

[115]

Package natbib Warning: Citation `Giddings:2012gc' on page 116 undefined on inp
ut line 1727.


Package natbib Warning: Citation `Giddings:2013noa' on page 116 undefined on in
put line 1727.


Package natbib Warning: Citation `Almheiri:2013hfa' on page 116 undefined on in
put line 1727.


Package natbib Warning: Citation `Giddings:2013vda' on page 116 undefined on in
put line 1727.


Package natbib Warning: Citation `Giddings:2014ova' on page 116 undefined on in
put line 1727.


Package natbib Warning: Citation `Gibbons:2013tqa' on page 116 undefined on inp
ut line 1728.


Package natbib Warning: Citation `Mathur:2012jk' on page 116 undefined on input
 line 1728.


Package natbib Warning: Citation `Mathur:2013gua' on page 116 undefined on inpu
t line 1728.


Package natbib Warning: Citation `Bena:2012zi' on page 116 undefined on input l
ine 1728.

[116]

Package natbib Warning: Citation `Lowe:1995ac' on page 117 undefined on input l
ine 1729.


Package natbib Warning: Citation `Giddings:2007bw' on page 117 undefined on inp
ut line 1729.


Package natbib Warning: Citation `Amati:2007ak' on page 117 undefined on input 
line 1729.


Package natbib Warning: Citation `Silverstein:2014yza' on page 117 undefined on
 input line 1729.


Package natbib Warning: Citation `dodelson' on page 117 undefined on input line
 1729.


Package natbib Warning: Citation `Horowitz:2009wm' on page 117 undefined on inp
ut line 1729.

[117]

Package natbib Warning: Citation `Carroll:2004st' on page 118 undefined on inpu
t line 1739.


Package natbib Warning: Citation `Wald:1984rg' on page 118 undefined on input l
ine 1739.

[118] [119] [120]

Package natbib Warning: Citation `preskillnotes' on page 121 undefined on input
 line 1828.


Package natbib Warning: Citation `nielsen2010quantum' on page 121 undefined on 
input line 1828.

[121] [122] [123] [124] [125] [126]

Package natbib Warning: Citation `Vedral:2002zz' on page 127 undefined on input
 line 1965.


Package natbib Warning: Citation `nielsen2010quantum' on page 127 undefined on 
input line 1976.

[127]

Package natbib Warning: Citation `nielsen2010quantum' on page 128 undefined on 
input line 1992.


Package natbib Warning: Citation `preskillnotes' on page 128 undefined on input
 line 1992.

[128] <circuit1.pdf, id=2022, 101.17801pt x 177.463pt>
File: circuit1.pdf Graphic file (type pdf)
 <use circuit1.pdf>
Package pdftex.def Info: circuit1.pdf used on input line 2011.
(pdftex.def)             Requested size: 81.11386pt x 142.26378pt.


Package natbib Warning: Citation `Harlow:2013tf' on page 129 undefined on input
 line 2017.

[129]

Package natbib Warning: Citation `nielsen2010quantum' on page 130 undefined on 
input line 2021.

[130 <./circuit1.pdf>] [131]

Package natbib Warning: Citation `Aharony:1999ti' on page 132 undefined on inpu
t line 2047.


Package natbib Warning: Citation `Bousso:2013uka' on page 132 undefined on inpu
t line 2050.

(./jerusalemarxivfinal.bbl

Package natbib Warning: Empty `thebibliography' environment on input line 3.

)

Package natbib Warning: There were undefined citations.

Package atveryend Info: Empty hook `BeforeClearDocument' on input line 2054.
[132]
Package atveryend Info: Empty hook `AfterLastShipout' on input line 2054.
 (./jerusalemarxivfinal.aux)
Package atveryend Info: Executing hook `AtVeryEndDocument' on input line 2054.
Package atveryend Info: Executing hook `AtEndAfterFileList' on input line 2054.

Package rerunfilecheck Info: File `jerusalemarxivfinal.out' has not changed.
(rerunfilecheck)             Checksum: B798FD95FC2CAE083B3813DA1EA18787;5116.
Package atveryend Info: Empty hook `AtVeryVeryEnd' on input line 2054.
 ) 
Here is how much of TeX's memory you used:
 7732 strings out of 493117
 107569 string characters out of 6138985
 207767 words of memory out of 5000000
 10464 multiletter control sequences out of 15000+600000
 16707 words of font info for 62 fonts, out of 8000000 for 9000
 1141 hyphenation exceptions out of 8191
 41i,12n,30p,4151b,403s stack positions out of 5000i,500n,10000p,200000b,80000s
<c:/texlive/2014/texmf-dist/fonts/type1/public/amsfonts/cm/cmbx10.pfb><c:/tex
live/2014/texmf-dist/fonts/type1/public/amsfonts/cm/cmbx12.pfb><c:/texlive/2014
/texmf-dist/fonts/type1/public/amsfonts/cm/cmcsc10.pfb><c:/texlive/2014/texmf-d
ist/fonts/type1/public/amsfonts/cm/cmex10.pfb><c:/texlive/2014/texmf-dist/fonts
/type1/public/amsfonts/cmextra/cmex7.pfb><c:/texlive/2014/texmf-dist/fonts/type
1/public/amsfonts/cmextra/cmex8.pfb><c:/texlive/2014/texmf-dist/fonts/type1/pub
lic/amsfonts/cm/cmmi10.pfb><c:/texlive/2014/texmf-dist/fonts/type1/public/amsfo
nts/cm/cmmi12.pfb><c:/texlive/2014/texmf-dist/fonts/type1/public/amsfonts/cm/cm
mi5.pfb><c:/texlive/2014/texmf-dist/fonts/type1/public/amsfonts/cm/cmmi6.pfb><c
:/texlive/2014/texmf-dist/fonts/type1/public/amsfonts/cm/cmmi7.pfb><c:/texlive/
2014/texmf-dist/fonts/type1/public/amsfonts/cm/cmmi8.pfb><c:/texlive/2014/texmf
-dist/fonts/type1/public/amsfonts/cm/cmr10.pfb><c:/texlive/2014/texmf-dist/font
s/type1/public/amsfonts/cm/cmr12.pfb><c:/texlive/2014/texmf-dist/fonts/type1/pu
blic/amsfonts/cm/cmr5.pfb><c:/texlive/2014/texmf-dist/fonts/type1/public/amsfon
ts/cm/cmr6.pfb><c:/texlive/2014/texmf-dist/fonts/type1/public/amsfonts/cm/cmr7.
pfb><c:/texlive/2014/texmf-dist/fonts/type1/public/amsfonts/cm/cmr8.pfb><c:/tex
live/2014/texmf-dist/fonts/type1/public/amsfonts/cm/cmssbx10.pfb><c:/texlive/20
14/texmf-dist/fonts/type1/public/amsfonts/cm/cmsy10.pfb><c:/texlive/2014/texmf-
dist/fonts/type1/public/amsfonts/cm/cmsy5.pfb><c:/texlive/2014/texmf-dist/fonts
/type1/public/amsfonts/cm/cmsy6.pfb><c:/texlive/2014/texmf-dist/fonts/type1/pub
lic/amsfonts/cm/cmsy7.pfb><c:/texlive/2014/texmf-dist/fonts/type1/public/amsfon
ts/cm/cmsy8.pfb><c:/texlive/2014/texmf-dist/fonts/type1/public/amsfonts/cm/cmti
10.pfb><c:/texlive/2014/texmf-dist/fonts/type1/public/amsfonts/cm/cmti12.pfb><c
:/texlive/2014/texmf-dist/fonts/type1/public/amsfonts/cm/cmtt12.pfb><c:/texlive
/2014/texmf-dist/fonts/type1/public/amsfonts/symbols/msam10.pfb><c:/texlive/201
4/texmf-dist/fonts/type1/public/amsfonts/symbols/msbm10.pfb>
Output written on jerusalemarxivfinal.pdf (135 pages, 1047751 bytes).
PDF statistics:
 2303 PDF objects out of 2487 (max. 8388607)
 2035 compressed objects within 21 object streams
 616 named destinations out of 1000 (max. 500000)
 664 words of extra memory for PDF output out of 10000 (max. 10000000)

